[5AC4:5024][2026-06-26T15:36:18]i001: Burn v3.14.0.5722, Windows v10.0 (Build 26100: Service Pack 0), path: C:\Users\VAIBHA~1\AppData\Local\Temp\{239928FC-93AA-4AE7-BFFE-9CD82E904F89}\.cr\python_installer.exe
[5AC4:5024][2026-06-26T15:36:18]i000: Initializing string variable 'ActionLikeInstalling' to value 'Installing'
[5AC4:5024][2026-06-26T15:36:18]i000: Initializing string variable 'ActionLikeInstallation' to value 'Setup'
[5AC4:5024][2026-06-26T15:36:18]i000: Initializing string variable 'ShortVersion' to value '3.11'
[5AC4:5024][2026-06-26T15:36:18]i000: Initializing numeric variable 'ShortVersionNoDot' to value '311'
[5AC4:5024][2026-06-26T15:36:18]i000: Initializing string variable 'WinVer' to value '3.11'
[5AC4:5024][2026-06-26T15:36:18]i000: Initializing numeric variable 'WinVerNoDot' to value '311'
[5AC4:5024][2026-06-26T15:36:18]i000: Initializing numeric variable 'InstallAllUsers' to value '0'
[5AC4:5024][2026-06-26T15:36:18]i000: Initializing numeric variable 'InstallLauncherAllUsers' to value '-1'
[5AC4:5024][2026-06-26T15:36:18]i000: Initializing string variable 'TargetDir' to value ''
[5AC4:5024][2026-06-26T15:36:18]i000: Initializing string variable 'DefaultAllUsersTargetDir' to value '[ProgramFiles64Folder]Python[WinVerNoDot]'
[5AC4:5024][2026-06-26T15:36:18]i000: Initializing string variable 'TargetPlatform' to value 'x64'
[5AC4:5024][2026-06-26T15:36:18]i000: Initializing string variable 'DefaultJustForMeTargetDir' to value '[LocalAppDataFolder]Programs\Python\Python[WinVerNoDot]'
[5AC4:5024][2026-06-26T15:36:18]i000: Initializing string variable 'OptionalFeaturesRegistryKey' to value 'Software\Python\PythonCore\[WinVer]\InstalledFeatures'
[5AC4:5024][2026-06-26T15:36:18]i000: Initializing string variable 'TargetDirRegistryKey' to value 'Software\Python\PythonCore\[WinVer]\InstallPath'
[5AC4:5024][2026-06-26T15:36:18]i000: Initializing string variable 'DefaultCustomTargetDir' to value ''
[5AC4:5024][2026-06-26T15:36:18]i000: Initializing string variable 'InstallAllUsersState' to value 'enabled'
[5AC4:5024][2026-06-26T15:36:18]i000: Initializing string variable 'InstallLauncherAllUsersState' to value 'enabled'
[5AC4:5024][2026-06-26T15:36:18]i000: Initializing string variable 'CustomInstallLauncherAllUsersState' to value '[InstallLauncherAllUsersState]'
[5AC4:5024][2026-06-26T15:36:18]i000: Initializing string variable 'TargetDirState' to value 'enabled'
[5AC4:5024][2026-06-26T15:36:18]i000: Initializing string variable 'CustomBrowseButtonState' to value 'enabled'
[5AC4:5024][2026-06-26T15:36:18]i000: Initializing numeric variable 'Include_core' to value '1'
[5AC4:5024][2026-06-26T15:36:18]i000: Initializing numeric variable 'Include_exe' to value '1'
[5AC4:5024][2026-06-26T15:36:18]i000: Initializing numeric variable 'Include_dev' to value '1'
[5AC4:5024][2026-06-26T15:36:18]i000: Initializing numeric variable 'Include_lib' to value '1'
[5AC4:5024][2026-06-26T15:36:18]i000: Initializing numeric variable 'Include_test' to value '1'
[5AC4:5024][2026-06-26T15:36:18]i000: Initializing numeric variable 'Include_doc' to value '1'
[5AC4:5024][2026-06-26T15:36:18]i000: Initializing numeric variable 'Include_tools' to value '1'
[5AC4:5024][2026-06-26T15:36:18]i000: Initializing numeric variable 'Include_tcltk' to value '1'
[5AC4:5024][2026-06-26T15:36:18]i000: Initializing numeric variable 'Include_pip' to value '1'
[5AC4:5024][2026-06-26T15:36:18]i000: Initializing numeric variable 'Include_launcher' to value '-1'
[5AC4:5024][2026-06-26T15:36:18]i000: Initializing string variable 'Include_launcherState' to value 'enabled'
[5AC4:5024][2026-06-26T15:36:18]i000: Initializing numeric variable 'Include_symbols' to value '0'
[5AC4:5024][2026-06-26T15:36:18]i000: Initializing numeric variable 'Include_debug' to value '0'
[5AC4:5024][2026-06-26T15:36:18]i000: Initializing numeric variable 'LauncherOnly' to value '0'
[5AC4:5024][2026-06-26T15:36:18]i000: Initializing numeric variable 'BlockedLauncher' to value '0'
[5AC4:5024][2026-06-26T15:36:18]i000: Initializing numeric variable 'DetectedLauncher' to value '0'
[5AC4:5024][2026-06-26T15:36:18]i000: Initializing numeric variable 'DetectedOldLauncher' to value '0'
[5AC4:5024][2026-06-26T15:36:18]i000: Initializing numeric variable 'AssociateFiles' to value '-1'
[5AC4:5024][2026-06-26T15:36:18]i000: Initializing numeric variable 'Shortcuts' to value '1'
[5AC4:5024][2026-06-26T15:36:18]i000: Initializing numeric variable 'PrependPath' to value '0'
[5AC4:5024][2026-06-26T15:36:18]i000: Initializing numeric variable 'AppendPath' to value '0'
[5AC4:5024][2026-06-26T15:36:18]i000: Initializing numeric variable 'CompileAll' to value '0'
[5AC4:5024][2026-06-26T15:36:18]i000: Initializing numeric variable 'SimpleInstall' to value '0'
[5AC4:5024][2026-06-26T15:36:18]i000: Initializing string variable 'SimpleInstallDescription' to value ''
[5AC4:5024][2026-06-26T15:36:18]i009: Command Line: '"-burn.clean.room=C:\Users\Vaibhav Singh\.cursor\restaurant-recommender\python_installer.exe" -burn.filehandle.attached=748 -burn.filehandle.self=756 /quiet InstallAllUsers=0 PrependPath=0 Include_launcher=0 InstallLauncherAllUsers=0 AssociateFiles=0 TargetDir=C:\Users\Public\Python311 /log install_public.log'
[5AC4:5024][2026-06-26T15:36:18]i000: Setting string variable 'WixBundleOriginalSource' to value 'C:\Users\Vaibhav Singh\.cursor\restaurant-recommender\python_installer.exe'
[5AC4:5024][2026-06-26T15:36:18]i000: Setting string variable 'WixBundleOriginalSourceFolder' to value 'C:\Users\Vaibhav Singh\.cursor\restaurant-recommender\'
[5AC4:5024][2026-06-26T15:36:19]i000: Setting string variable 'WixBundleLog' to value 'C:\Users\Vaibhav Singh\.cursor\restaurant-recommender\install_public.log'
[5AC4:5024][2026-06-26T15:36:19]i000: Setting string variable 'WixBundleName' to value 'Python 3.11.9 (64-bit)'
[5AC4:5024][2026-06-26T15:36:19]i000: Setting string variable 'WixBundleManufacturer' to value 'Python Software Foundation'
[5AC4:5024][2026-06-26T15:36:19]i000: Setting numeric variable 'CRTInstalled' to value 1
[5AC4:75AC][2026-06-26T15:36:19]i000: Did not find C:\Users\Vaibhav Singh\.cursor\restaurant-recommender\unattend.xml
[5AC4:75AC][2026-06-26T15:36:19]i000: Setting numeric variable 'InstallAllUsers' to value 0
[5AC4:75AC][2026-06-26T15:36:19]i000: Setting numeric variable 'PrependPath' to value 0
[5AC4:75AC][2026-06-26T15:36:19]i000: Setting numeric variable 'Include_launcher' to value 0
[5AC4:75AC][2026-06-26T15:36:19]i000: Setting numeric variable 'InstallLauncherAllUsers' to value 0
[5AC4:75AC][2026-06-26T15:36:19]i000: Setting numeric variable 'AssociateFiles' to value 0
[5AC4:75AC][2026-06-26T15:36:19]i000: Setting string variable 'TargetDir' to value 'C:\Users\Public\Python311'
[5AC4:75AC][2026-06-26T15:36:19]i000: Setting string variable 'ActionLikeInstalling' to value 'Installing'
[5AC4:75AC][2026-06-26T15:36:19]i000: Setting string variable 'ActionLikeInstallation' to value 'Setup'
[5AC4:75AC][2026-06-26T15:36:19]i000: Setting version variable 'WixBundleFileVersion' to value '3.11.9150.0'
[5AC4:75AC][2026-06-26T15:36:19]i000: Target OS is Windows 10 or later
[5AC4:5024][2026-06-26T15:36:19]i100: Detect begin, 54 packages
[5AC4:5024][2026-06-26T15:36:19]i101: Detected package: ucrt_AllUsers, state: Absent, cached: None
[5AC4:5024][2026-06-26T15:36:19]i101: Detected package: ucrt_JustForMe, state: Absent, cached: None
[5AC4:5024][2026-06-26T15:36:19]i101: Detected package: core_AllUsers, state: Absent, cached: None
[5AC4:5024][2026-06-26T15:36:19]i101: Detected package: core_AllUsers_pdb, state: Absent, cached: None
[5AC4:5024][2026-06-26T15:36:19]i101: Detected package: core_AllUsers_d, state: Absent, cached: None
[5AC4:5024][2026-06-26T15:36:19]i101: Detected package: core_JustForMe, state: Absent, cached: None
[5AC4:5024][2026-06-26T15:36:19]i101: Detected package: core_JustForMe_pdb, state: Absent, cached: None
[5AC4:5024][2026-06-26T15:36:19]i101: Detected package: core_JustForMe_d, state: Absent, cached: None
[5AC4:5024][2026-06-26T15:36:19]i101: Detected package: exe_AllUsers, state: Absent, cached: None
[5AC4:5024][2026-06-26T15:36:19]i104: Detected package: exe_AllUsers, feature: DefaultFeature, state: Absent
[5AC4:5024][2026-06-26T15:36:19]i104: Detected package: exe_AllUsers, feature: Shortcuts, state: Absent
[5AC4:5024][2026-06-26T15:36:19]i101: Detected package: exe_AllUsers_pdb, state: Absent, cached: None
[5AC4:5024][2026-06-26T15:36:19]i101: Detected package: exe_AllUsers_d, state: Absent, cached: None
[5AC4:5024][2026-06-26T15:36:19]i101: Detected package: exe_JustForMe, state: Absent, cached: Complete
[5AC4:5024][2026-06-26T15:36:19]i104: Detected package: exe_JustForMe, feature: DefaultFeature, state: Absent
[5AC4:5024][2026-06-26T15:36:19]i104: Detected package: exe_JustForMe, feature: Shortcuts, state: Absent
[5AC4:5024][2026-06-26T15:36:19]i101: Detected package: exe_JustForMe_pdb, state: Absent, cached: None
[5AC4:5024][2026-06-26T15:36:19]i101: Detected package: exe_JustForMe_d, state: Absent, cached: None
[5AC4:5024][2026-06-26T15:36:19]i101: Detected package: dev_AllUsers, state: Absent, cached: None
[5AC4:5024][2026-06-26T15:36:19]i101: Detected package: dev_AllUsers_d, state: Absent, cached: None
[5AC4:5024][2026-06-26T15:36:19]i101: Detected package: dev_JustForMe, state: Absent, cached: Complete
[5AC4:5024][2026-06-26T15:36:19]i101: Detected package: dev_JustForMe_d, state: Absent, cached: None
[5AC4:5024][2026-06-26T15:36:19]i101: Detected package: lib_AllUsers, state: Absent, cached: None
[5AC4:5024][2026-06-26T15:36:19]i101: Detected package: lib_AllUsers_pdb, state: Absent, cached: None
[5AC4:5024][2026-06-26T15:36:19]i101: Detected package: lib_AllUsers_d, state: Absent, cached: None
[5AC4:5024][2026-06-26T15:36:19]i101: Detected package: lib_JustForMe, state: Absent, cached: Complete
[5AC4:5024][2026-06-26T15:36:19]i101: Detected package: lib_JustForMe_pdb, state: Absent, cached: None
[5AC4:5024][2026-06-26T15:36:19]i101: Detected package: lib_JustForMe_d, state: Absent, cached: None
[5AC4:5024][2026-06-26T15:36:19]i101: Detected package: test_AllUsers, state: Absent, cached: None
[5AC4:5024][2026-06-26T15:36:19]i101: Detected package: test_AllUsers_pdb, state: Absent, cached: None
[5AC4:5024][2026-06-26T15:36:19]i101: Detected package: test_AllUsers_d, state: Absent, cached: None
[5AC4:5024][2026-06-26T15:36:19]i101: Detected package: test_JustForMe, state: Absent, cached: Complete
[5AC4:5024][2026-06-26T15:36:19]i101: Detected package: test_JustForMe_pdb, state: Absent, cached: None
[5AC4:5024][2026-06-26T15:36:19]i101: Detected package: test_JustForMe_d, state: Absent, cached: None
[5AC4:5024][2026-06-26T15:36:19]i101: Detected package: doc_AllUsers, state: Absent, cached: None
[5AC4:5024][2026-06-26T15:36:19]i104: Detected package: doc_AllUsers, feature: DefaultFeature, state: Absent
[5AC4:5024][2026-06-26T15:36:19]i104: Detected package: doc_AllUsers, feature: Shortcuts, state: Absent
[5AC4:5024][2026-06-26T15:36:19]i101: Detected package: doc_JustForMe, state: Absent, cached: Complete
[5AC4:5024][2026-06-26T15:36:19]i104: Detected package: doc_JustForMe, feature: DefaultFeature, state: Absent
[5AC4:5024][2026-06-26T15:36:19]i104: Detected package: doc_JustForMe, feature: Shortcuts, state: Absent
[5AC4:5024][2026-06-26T15:36:19]i101: Detected package: tools_AllUsers, state: Absent, cached: None
[5AC4:5024][2026-06-26T15:36:19]i101: Detected package: tools_JustForMe, state: Absent, cached: Complete
[5AC4:5024][2026-06-26T15:36:19]i101: Detected package: tcltk_AllUsers, state: Absent, cached: None
[5AC4:5024][2026-06-26T15:36:19]i104: Detected package: tcltk_AllUsers, feature: DefaultFeature, state: Absent
[5AC4:5024][2026-06-26T15:36:19]i104: Detected package: tcltk_AllUsers, feature: AssociateFiles, state: Absent
[5AC4:5024][2026-06-26T15:36:19]i104: Detected package: tcltk_AllUsers, feature: Shortcuts, state: Absent
[5AC4:5024][2026-06-26T15:36:19]i101: Detected package: tcltk_AllUsers_pdb, state: Absent, cached: None
[5AC4:5024][2026-06-26T15:36:19]i104: Detected package: tcltk_AllUsers_pdb, feature: Symbols, state: Absent
[5AC4:5024][2026-06-26T15:36:19]i101: Detected package: tcltk_AllUsers_d, state: Absent, cached: None
[5AC4:5024][2026-06-26T15:36:19]i104: Detected package: tcltk_AllUsers_d, feature: DebugBinaries, state: Absent
[5AC4:5024][2026-06-26T15:36:19]i101: Detected package: tcltk_JustForMe, state: Absent, cached: Complete
[5AC4:5024][2026-06-26T15:36:19]i104: Detected package: tcltk_JustForMe, feature: DefaultFeature, state: Absent
[5AC4:5024][2026-06-26T15:36:19]i104: Detected package: tcltk_JustForMe, feature: AssociateFiles, state: Absent
[5AC4:5024][2026-06-26T15:36:19]i104: Detected package: tcltk_JustForMe, feature: Shortcuts, state: Absent
[5AC4:5024][2026-06-26T15:36:19]i101: Detected package: tcltk_JustForMe_pdb, state: Absent, cached: None
[5AC4:5024][2026-06-26T15:36:19]i104: Detected package: tcltk_JustForMe_pdb, feature: Symbols, state: Absent
[5AC4:5024][2026-06-26T15:36:19]i101: Detected package: tcltk_JustForMe_d, state: Absent, cached: None
[5AC4:5024][2026-06-26T15:36:19]i104: Detected package: tcltk_JustForMe_d, feature: DebugBinaries, state: Absent
[5AC4:5024][2026-06-26T15:36:19]i101: Detected package: launcher_AllUsers, state: Absent, cached: None
[5AC4:5024][2026-06-26T15:36:19]i104: Detected package: launcher_AllUsers, feature: DefaultFeature, state: Absent
[5AC4:5024][2026-06-26T15:36:19]i104: Detected package: launcher_AllUsers, feature: AssociateFiles, state: Absent
[5AC4:5024][2026-06-26T15:36:19]i101: Detected package: launcher_JustForMe, state: Absent, cached: None
[5AC4:5024][2026-06-26T15:36:19]i104: Detected package: launcher_JustForMe, feature: DefaultFeature, state: Absent
[5AC4:5024][2026-06-26T15:36:19]i104: Detected package: launcher_JustForMe, feature: AssociateFiles, state: Absent
[5AC4:5024][2026-06-26T15:36:19]i101: Detected package: pip_AllUsers, state: Absent, cached: None
[5AC4:5024][2026-06-26T15:36:19]i101: Detected package: pip_JustForMe, state: Absent, cached: Complete
[5AC4:5024][2026-06-26T15:36:19]i101: Detected package: path_AllUsers, state: Absent, cached: None
[5AC4:5024][2026-06-26T15:36:19]i101: Detected package: path_JustForMe, state: Absent, cached: None
[5AC4:5024][2026-06-26T15:36:19]i101: Detected package: appendpath_AllUsers, state: Absent, cached: None
[5AC4:5024][2026-06-26T15:36:19]i101: Detected package: appendpath_JustForMe, state: Absent, cached: None
[5AC4:5024][2026-06-26T15:36:19]i101: Detected package: compileall_AllUsers, state: Absent, cached: None
[5AC4:5024][2026-06-26T15:36:19]i101: Detected package: compileallO_AllUsers, state: Absent, cached: None
[5AC4:5024][2026-06-26T15:36:19]i101: Detected package: compileallOO_AllUsers, state: Absent, cached: None
[5AC4:5024][2026-06-26T15:36:19]i101: Detected package: compileall_JustForMe, state: Absent, cached: None
[5AC4:5024][2026-06-26T15:36:19]i101: Detected package: compileallO_JustForMe, state: Absent, cached: None
[5AC4:5024][2026-06-26T15:36:19]i101: Detected package: compileallOO_JustForMe, state: Absent, cached: None
[5AC4:5024][2026-06-26T15:36:19]i199: Detect complete, result: 0x0
[5AC4:75AC][2026-06-26T15:36:19]i000: Setting string variable 'ActionLikeInstalling' to value 'Installing'
[5AC4:75AC][2026-06-26T15:36:19]i000: Setting string variable 'ActionLikeInstallation' to value 'Setup'
[5AC4:5024][2026-06-26T15:36:19]i200: Plan begin, 54 packages, action: Install
[5AC4:5024][2026-06-26T15:36:19]i052: Condition 'InstallAllUsers and not CRTInstalled and (Include_core or Include_exe or Include_pip) and not LauncherOnly' evaluates to false.
[5AC4:5024][2026-06-26T15:36:19]i052: Condition 'InstallAllUsers and not CRTInstalled and (Include_core or Include_exe or Include_pip) and not LauncherOnly' evaluates to false.
[5AC4:5024][2026-06-26T15:36:19]w322: Skipping cross-scope dependency registration on package: ucrt_AllUsers, bundle scope: PerUser, package scope: PerMachine
[5AC4:5024][2026-06-26T15:36:19]i052: Condition 'not InstallAllUsers and not CRTInstalled and (Include_core or Include_exe or Include_pip) and not LauncherOnly' evaluates to false.
[5AC4:5024][2026-06-26T15:36:19]i052: Condition 'not InstallAllUsers and not CRTInstalled and (Include_core or Include_exe or Include_pip) and not LauncherOnly' evaluates to false.
[5AC4:5024][2026-06-26T15:36:19]i052: Condition 'InstallAllUsers and (Include_core or Include_exe or Include_launcher or Include_pip) and not LauncherOnly' evaluates to false.
[5AC4:5024][2026-06-26T15:36:19]i052: Condition 'InstallAllUsers and (Include_core or Include_exe or Include_launcher or Include_pip) and not LauncherOnly' evaluates to false.
[5AC4:5024][2026-06-26T15:36:19]w322: Skipping cross-scope dependency registration on package: core_AllUsers, bundle scope: PerUser, package scope: PerMachine
[5AC4:5024][2026-06-26T15:36:19]i052: Condition 'InstallAllUsers and (Include_core or Include_exe or Include_launcher or Include_pip) and Include_symbols and not LauncherOnly' evaluates to false.
[5AC4:5024][2026-06-26T15:36:19]i052: Condition 'InstallAllUsers and (Include_core or Include_exe or Include_launcher or Include_pip) and Include_symbols and not LauncherOnly' evaluates to false.
[5AC4:5024][2026-06-26T15:36:19]w322: Skipping cross-scope dependency registration on package: core_AllUsers_pdb, bundle scope: PerUser, package scope: PerMachine
[5AC4:5024][2026-06-26T15:36:19]i052: Condition 'InstallAllUsers and (Include_core or Include_exe or Include_launcher or Include_pip) and Include_debug and not LauncherOnly' evaluates to false.
[5AC4:5024][2026-06-26T15:36:19]i052: Condition 'InstallAllUsers and (Include_core or Include_exe or Include_launcher or Include_pip) and Include_debug and not LauncherOnly' evaluates to false.
[5AC4:5024][2026-06-26T15:36:19]w322: Skipping cross-scope dependency registration on package: core_AllUsers_d, bundle scope: PerUser, package scope: PerMachine
[5AC4:5024][2026-06-26T15:36:19]i052: Condition 'not InstallAllUsers and (Include_core or Include_exe or Include_launcher or Include_pip) and not LauncherOnly' evaluates to true.
[5AC4:5024][2026-06-26T15:36:19]i052: Condition 'not InstallAllUsers and (Include_core or Include_exe or Include_launcher or Include_pip) and not LauncherOnly' evaluates to true.
[5AC4:5024][2026-06-26T15:36:19]i000: Setting string variable 'WixBundleRollbackLog_core_JustForMe' to value 'C:\Users\Vaibhav Singh\.cursor\restaurant-recommender\install_public_000_core_JustForMe_rollback.log'
[5AC4:5024][2026-06-26T15:36:19]i000: Setting string variable 'WixBundleLog_core_JustForMe' to value 'C:\Users\Vaibhav Singh\.cursor\restaurant-recommender\install_public_000_core_JustForMe.log'
[5AC4:5024][2026-06-26T15:36:19]i052: Condition 'not InstallAllUsers and (Include_core or Include_exe or Include_launcher or Include_pip) and Include_symbols and not LauncherOnly' evaluates to false.
[5AC4:5024][2026-06-26T15:36:19]i052: Condition 'not InstallAllUsers and (Include_core or Include_exe or Include_launcher or Include_pip) and Include_symbols and not LauncherOnly' evaluates to false.
[5AC4:5024][2026-06-26T15:36:19]i052: Condition 'not InstallAllUsers and (Include_core or Include_exe or Include_launcher or Include_pip) and Include_debug and not LauncherOnly' evaluates to false.
[5AC4:5024][2026-06-26T15:36:19]i052: Condition 'not InstallAllUsers and (Include_core or Include_exe or Include_launcher or Include_pip) and Include_debug and not LauncherOnly' evaluates to false.
[5AC4:5024][2026-06-26T15:36:19]i052: Condition 'InstallAllUsers and (Include_exe or Include_launcher or Include_pip) and not LauncherOnly' evaluates to false.
[5AC4:5024][2026-06-26T15:36:19]i052: Condition 'InstallAllUsers and (Include_exe or Include_launcher or Include_pip) and not LauncherOnly' evaluates to false.
[5AC4:5024][2026-06-26T15:36:19]i204: Plan 2 msi features for package: exe_AllUsers
[5AC4:5024][2026-06-26T15:36:19]i203: Planned feature: DefaultFeature, state: Absent, default requested: Unknown, ba requested: Local, execute action: AddLocal, rollback action: Remove
[5AC4:5024][2026-06-26T15:36:19]i203: Planned feature: Shortcuts, state: Absent, default requested: Unknown, ba requested: Local, execute action: AddLocal, rollback action: Remove
[5AC4:5024][2026-06-26T15:36:19]w322: Skipping cross-scope dependency registration on package: exe_AllUsers, bundle scope: PerUser, package scope: PerMachine
[5AC4:5024][2026-06-26T15:36:19]i052: Condition 'InstallAllUsers and (Include_exe or Include_launcher or Include_pip) and Include_symbols and not LauncherOnly' evaluates to false.
[5AC4:5024][2026-06-26T15:36:19]i052: Condition 'InstallAllUsers and (Include_exe or Include_launcher or Include_pip) and Include_symbols and not LauncherOnly' evaluates to false.
[5AC4:5024][2026-06-26T15:36:19]w322: Skipping cross-scope dependency registration on package: exe_AllUsers_pdb, bundle scope: PerUser, package scope: PerMachine
[5AC4:5024][2026-06-26T15:36:19]i052: Condition 'InstallAllUsers and (Include_exe or Include_launcher or Include_pip) and Include_debug and not LauncherOnly' evaluates to false.
[5AC4:5024][2026-06-26T15:36:19]i052: Condition 'InstallAllUsers and (Include_exe or Include_launcher or Include_pip) and Include_debug and not LauncherOnly' evaluates to false.
[5AC4:5024][2026-06-26T15:36:19]w322: Skipping cross-scope dependency registration on package: exe_AllUsers_d, bundle scope: PerUser, package scope: PerMachine
[5AC4:5024][2026-06-26T15:36:19]i052: Condition 'not InstallAllUsers and (Include_exe or Include_launcher or Include_pip) and not LauncherOnly' evaluates to true.
[5AC4:5024][2026-06-26T15:36:19]i052: Condition 'not InstallAllUsers and (Include_exe or Include_launcher or Include_pip) and not LauncherOnly' evaluates to true.
[5AC4:5024][2026-06-26T15:36:19]i204: Plan 2 msi features for package: exe_JustForMe
[5AC4:5024][2026-06-26T15:36:19]i203: Planned feature: DefaultFeature, state: Absent, default requested: Unknown, ba requested: Local, execute action: AddLocal, rollback action: Remove
[5AC4:5024][2026-06-26T15:36:19]i203: Planned feature: Shortcuts, state: Absent, default requested: Unknown, ba requested: Local, execute action: AddLocal, rollback action: Remove
[5AC4:5024][2026-06-26T15:36:19]i000: Setting string variable 'WixBundleRollbackLog_exe_JustForMe' to value 'C:\Users\Vaibhav Singh\.cursor\restaurant-recommender\install_public_001_exe_JustForMe_rollback.log'
[5AC4:5024][2026-06-26T15:36:19]i000: Setting string variable 'WixBundleLog_exe_JustForMe' to value 'C:\Users\Vaibhav Singh\.cursor\restaurant-recommender\install_public_001_exe_JustForMe.log'
[5AC4:5024][2026-06-26T15:36:19]i052: Condition 'not InstallAllUsers and (Include_exe or Include_launcher or Include_pip) and Include_symbols and not LauncherOnly' evaluates to false.
[5AC4:5024][2026-06-26T15:36:19]i052: Condition 'not InstallAllUsers and (Include_exe or Include_launcher or Include_pip) and Include_symbols and not LauncherOnly' evaluates to false.
[5AC4:5024][2026-06-26T15:36:19]i052: Condition 'not InstallAllUsers and (Include_exe or Include_launcher or Include_pip) and Include_debug and not LauncherOnly' evaluates to false.
[5AC4:5024][2026-06-26T15:36:19]i052: Condition 'not InstallAllUsers and (Include_exe or Include_launcher or Include_pip) and Include_debug and not LauncherOnly' evaluates to false.
[5AC4:5024][2026-06-26T15:36:19]i052: Condition 'InstallAllUsers and Include_dev and not LauncherOnly' evaluates to false.
[5AC4:5024][2026-06-26T15:36:19]i052: Condition 'InstallAllUsers and Include_dev and not LauncherOnly' evaluates to false.
[5AC4:5024][2026-06-26T15:36:19]w322: Skipping cross-scope dependency registration on package: dev_AllUsers, bundle scope: PerUser, package scope: PerMachine
[5AC4:5024][2026-06-26T15:36:19]i052: Condition 'InstallAllUsers and Include_dev and Include_debug and not LauncherOnly' evaluates to false.
[5AC4:5024][2026-06-26T15:36:19]i052: Condition 'InstallAllUsers and Include_dev and Include_debug and not LauncherOnly' evaluates to false.
[5AC4:5024][2026-06-26T15:36:19]w322: Skipping cross-scope dependency registration on package: dev_AllUsers_d, bundle scope: PerUser, package scope: PerMachine
[5AC4:5024][2026-06-26T15:36:19]i052: Condition 'not InstallAllUsers and Include_dev and not LauncherOnly' evaluates to true.
[5AC4:5024][2026-06-26T15:36:19]i052: Condition 'not InstallAllUsers and Include_dev and not LauncherOnly' evaluates to true.
[5AC4:5024][2026-06-26T15:36:19]i000: Setting string variable 'WixBundleRollbackLog_dev_JustForMe' to value 'C:\Users\Vaibhav Singh\.cursor\restaurant-recommender\install_public_002_dev_JustForMe_rollback.log'
[5AC4:5024][2026-06-26T15:36:19]i000: Setting string variable 'WixBundleLog_dev_JustForMe' to value 'C:\Users\Vaibhav Singh\.cursor\restaurant-recommender\install_public_002_dev_JustForMe.log'
[5AC4:5024][2026-06-26T15:36:19]i052: Condition 'not InstallAllUsers and Include_dev and Include_debug and not LauncherOnly' evaluates to false.
[5AC4:5024][2026-06-26T15:36:19]i052: Condition 'not InstallAllUsers and Include_dev and Include_debug and not LauncherOnly' evaluates to false.
[5AC4:5024][2026-06-26T15:36:19]i052: Condition 'InstallAllUsers and Include_lib and not LauncherOnly' evaluates to false.
[5AC4:5024][2026-06-26T15:36:19]i052: Condition 'InstallAllUsers and Include_lib and not LauncherOnly' evaluates to false.
[5AC4:5024][2026-06-26T15:36:19]w322: Skipping cross-scope dependency registration on package: lib_AllUsers, bundle scope: PerUser, package scope: PerMachine
[5AC4:5024][2026-06-26T15:36:19]i052: Condition 'InstallAllUsers and Include_lib and Include_symbols and not LauncherOnly' evaluates to false.
[5AC4:5024][2026-06-26T15:36:19]i052: Condition 'InstallAllUsers and Include_lib and Include_symbols and not LauncherOnly' evaluates to false.
[5AC4:5024][2026-06-26T15:36:19]w322: Skipping cross-scope dependency registration on package: lib_AllUsers_pdb, bundle scope: PerUser, package scope: PerMachine
[5AC4:5024][2026-06-26T15:36:19]i052: Condition 'InstallAllUsers and Include_lib and Include_debug and not LauncherOnly' evaluates to false.
[5AC4:5024][2026-06-26T15:36:19]i052: Condition 'InstallAllUsers and Include_lib and Include_debug and not LauncherOnly' evaluates to false.
[5AC4:5024][2026-06-26T15:36:19]w322: Skipping cross-scope dependency registration on package: lib_AllUsers_d, bundle scope: PerUser, package scope: PerMachine
[5AC4:5024][2026-06-26T15:36:19]i052: Condition 'not InstallAllUsers and Include_lib and not LauncherOnly' evaluates to true.
[5AC4:5024][2026-06-26T15:36:19]i052: Condition 'not InstallAllUsers and Include_lib and not LauncherOnly' evaluates to true.
[5AC4:5024][2026-06-26T15:36:19]i000: Setting string variable 'WixBundleRollbackLog_lib_JustForMe' to value 'C:\Users\Vaibhav Singh\.cursor\restaurant-recommender\install_public_003_lib_JustForMe_rollback.log'
[5AC4:5024][2026-06-26T15:36:19]i000: Setting string variable 'WixBundleLog_lib_JustForMe' to value 'C:\Users\Vaibhav Singh\.cursor\restaurant-recommender\install_public_003_lib_JustForMe.log'
[5AC4:5024][2026-06-26T15:36:19]i052: Condition 'not InstallAllUsers and Include_lib and Include_symbols and not LauncherOnly' evaluates to false.
[5AC4:5024][2026-06-26T15:36:19]i052: Condition 'not InstallAllUsers and Include_lib and Include_symbols and not LauncherOnly' evaluates to false.
[5AC4:5024][2026-06-26T15:36:19]i052: Condition 'not InstallAllUsers and Include_lib and Include_debug and not LauncherOnly' evaluates to false.
[5AC4:5024][2026-06-26T15:36:19]i052: Condition 'not InstallAllUsers and Include_lib and Include_debug and not LauncherOnly' evaluates to false.
[5AC4:5024][2026-06-26T15:36:19]i052: Condition 'InstallAllUsers and Include_test and not LauncherOnly' evaluates to false.
[5AC4:5024][2026-06-26T15:36:19]i052: Condition 'InstallAllUsers and Include_test and not LauncherOnly' evaluates to false.
[5AC4:5024][2026-06-26T15:36:19]w322: Skipping cross-scope dependency registration on package: test_AllUsers, bundle scope: PerUser, package scope: PerMachine
[5AC4:5024][2026-06-26T15:36:19]i052: Condition 'InstallAllUsers and Include_test and Include_symbols and not LauncherOnly' evaluates to false.
[5AC4:5024][2026-06-26T15:36:19]i052: Condition 'InstallAllUsers and Include_test and Include_symbols and not LauncherOnly' evaluates to false.
[5AC4:5024][2026-06-26T15:36:19]w322: Skipping cross-scope dependency registration on package: test_AllUsers_pdb, bundle scope: PerUser, package scope: PerMachine
[5AC4:5024][2026-06-26T15:36:19]i052: Condition 'InstallAllUsers and Include_test and Include_debug and not LauncherOnly' evaluates to false.
[5AC4:5024][2026-06-26T15:36:19]i052: Condition 'InstallAllUsers and Include_test and Include_debug and not LauncherOnly' evaluates to false.
[5AC4:5024][2026-06-26T15:36:19]w322: Skipping cross-scope dependency registration on package: test_AllUsers_d, bundle scope: PerUser, package scope: PerMachine
[5AC4:5024][2026-06-26T15:36:19]i052: Condition 'not InstallAllUsers and Include_test and not LauncherOnly' evaluates to true.
[5AC4:5024][2026-06-26T15:36:19]i052: Condition 'not InstallAllUsers and Include_test and not LauncherOnly' evaluates to true.
[5AC4:5024][2026-06-26T15:36:19]i000: Setting string variable 'WixBundleRollbackLog_test_JustForMe' to value 'C:\Users\Vaibhav Singh\.cursor\restaurant-recommender\install_public_004_test_JustForMe_rollback.log'
[5AC4:5024][2026-06-26T15:36:19]i000: Setting string variable 'WixBundleLog_test_JustForMe' to value 'C:\Users\Vaibhav Singh\.cursor\restaurant-recommender\install_public_004_test_JustForMe.log'
[5AC4:5024][2026-06-26T15:36:19]i052: Condition 'not InstallAllUsers and Include_test and Include_symbols and not LauncherOnly' evaluates to false.
[5AC4:5024][2026-06-26T15:36:19]i052: Condition 'not InstallAllUsers and Include_test and Include_symbols and not LauncherOnly' evaluates to false.
[5AC4:5024][2026-06-26T15:36:19]i052: Condition 'not InstallAllUsers and Include_test and Include_debug and not LauncherOnly' evaluates to false.
[5AC4:5024][2026-06-26T15:36:19]i052: Condition 'not InstallAllUsers and Include_test and Include_debug and not LauncherOnly' evaluates to false.
[5AC4:5024][2026-06-26T15:36:19]i052: Condition 'InstallAllUsers and Include_doc and not LauncherOnly' evaluates to false.
[5AC4:5024][2026-06-26T15:36:19]i052: Condition 'InstallAllUsers and Include_doc and not LauncherOnly' evaluates to false.
[5AC4:5024][2026-06-26T15:36:19]i204: Plan 2 msi features for package: doc_AllUsers
[5AC4:5024][2026-06-26T15:36:19]i203: Planned feature: DefaultFeature, state: Absent, default requested: Unknown, ba requested: Local, execute action: AddLocal, rollback action: Remove
[5AC4:5024][2026-06-26T15:36:19]i203: Planned feature: Shortcuts, state: Absent, default requested: Unknown, ba requested: Local, execute action: AddLocal, rollback action: Remove
[5AC4:5024][2026-06-26T15:36:19]w322: Skipping cross-scope dependency registration on package: doc_AllUsers, bundle scope: PerUser, package scope: PerMachine
[5AC4:5024][2026-06-26T15:36:19]i052: Condition 'not InstallAllUsers and Include_doc and not LauncherOnly' evaluates to true.
[5AC4:5024][2026-06-26T15:36:19]i052: Condition 'not InstallAllUsers and Include_doc and not LauncherOnly' evaluates to true.
[5AC4:5024][2026-06-26T15:36:19]i204: Plan 2 msi features for package: doc_JustForMe
[5AC4:5024][2026-06-26T15:36:19]i203: Planned feature: DefaultFeature, state: Absent, default requested: Unknown, ba requested: Local, execute action: AddLocal, rollback action: Remove
[5AC4:5024][2026-06-26T15:36:19]i203: Planned feature: Shortcuts, state: Absent, default requested: Unknown, ba requested: Local, execute action: AddLocal, rollback action: Remove
[5AC4:5024][2026-06-26T15:36:19]i000: Setting string variable 'WixBundleRollbackLog_doc_JustForMe' to value 'C:\Users\Vaibhav Singh\.cursor\restaurant-recommender\install_public_005_doc_JustForMe_rollback.log'
[5AC4:5024][2026-06-26T15:36:19]i000: Setting string variable 'WixBundleLog_doc_JustForMe' to value 'C:\Users\Vaibhav Singh\.cursor\restaurant-recommender\install_public_005_doc_JustForMe.log'
[5AC4:5024][2026-06-26T15:36:19]i052: Condition 'InstallAllUsers and Include_tools and not LauncherOnly' evaluates to false.
[5AC4:5024][2026-06-26T15:36:19]i052: Condition 'InstallAllUsers and Include_tools and not LauncherOnly' evaluates to false.
[5AC4:5024][2026-06-26T15:36:19]w322: Skipping cross-scope dependency registration on package: tools_AllUsers, bundle scope: PerUser, package scope: PerMachine
[5AC4:5024][2026-06-26T15:36:19]i052: Condition 'not InstallAllUsers and Include_tools and not LauncherOnly' evaluates to true.
[5AC4:5024][2026-06-26T15:36:19]i052: Condition 'not InstallAllUsers and Include_tools and not LauncherOnly' evaluates to true.
[5AC4:5024][2026-06-26T15:36:19]i000: Setting string variable 'WixBundleRollbackLog_tools_JustForMe' to value 'C:\Users\Vaibhav Singh\.cursor\restaurant-recommender\install_public_006_tools_JustForMe_rollback.log'
[5AC4:5024][2026-06-26T15:36:19]i000: Setting string variable 'WixBundleLog_tools_JustForMe' to value 'C:\Users\Vaibhav Singh\.cursor\restaurant-recommender\install_public_006_tools_JustForMe.log'
[5AC4:5024][2026-06-26T15:36:19]i052: Condition 'InstallAllUsers and Include_tcltk and not LauncherOnly' evaluates to false.
[5AC4:5024][2026-06-26T15:36:19]i052: Condition 'InstallAllUsers and Include_tcltk and not LauncherOnly' evaluates to false.
[5AC4:5024][2026-06-26T15:36:19]i204: Plan 3 msi features for package: tcltk_AllUsers
[5AC4:5024][2026-06-26T15:36:19]i203: Planned feature: DefaultFeature, state: Absent, default requested: Unknown, ba requested: Local, execute action: AddLocal, rollback action: Remove
[5AC4:5024][2026-06-26T15:36:19]i203: Planned feature: AssociateFiles, state: Absent, default requested: Unknown, ba requested: Absent, execute action: None, rollback action: None
[5AC4:5024][2026-06-26T15:36:19]i203: Planned feature: Shortcuts, state: Absent, default requested: Unknown, ba requested: Local, execute action: AddLocal, rollback action: Remove
[5AC4:5024][2026-06-26T15:36:19]w322: Skipping cross-scope dependency registration on package: tcltk_AllUsers, bundle scope: PerUser, package scope: PerMachine
[5AC4:5024][2026-06-26T15:36:19]i052: Condition 'InstallAllUsers and Include_tcltk and Include_symbols and not LauncherOnly' evaluates to false.
[5AC4:5024][2026-06-26T15:36:19]i052: Condition 'InstallAllUsers and Include_tcltk and Include_symbols and not LauncherOnly' evaluates to false.
[5AC4:5024][2026-06-26T15:36:19]i204: Plan 1 msi features for package: tcltk_AllUsers_pdb
[5AC4:5024][2026-06-26T15:36:19]i203: Planned feature: Symbols, state: Absent, default requested: Unknown, ba requested: Local, execute action: AddLocal, rollback action: Remove
[5AC4:5024][2026-06-26T15:36:19]w322: Skipping cross-scope dependency registration on package: tcltk_AllUsers_pdb, bundle scope: PerUser, package scope: PerMachine
[5AC4:5024][2026-06-26T15:36:19]i052: Condition 'InstallAllUsers and Include_tcltk and Include_debug and not LauncherOnly' evaluates to false.
[5AC4:5024][2026-06-26T15:36:19]i052: Condition 'InstallAllUsers and Include_tcltk and Include_debug and not LauncherOnly' evaluates to false.
[5AC4:5024][2026-06-26T15:36:19]i204: Plan 1 msi features for package: tcltk_AllUsers_d
[5AC4:5024][2026-06-26T15:36:19]i203: Planned feature: DebugBinaries, state: Absent, default requested: Unknown, ba requested: Local, execute action: AddLocal, rollback action: Remove
[5AC4:5024][2026-06-26T15:36:19]w322: Skipping cross-scope dependency registration on package: tcltk_AllUsers_d, bundle scope: PerUser, package scope: PerMachine
[5AC4:5024][2026-06-26T15:36:19]i052: Condition 'not InstallAllUsers and Include_tcltk and not LauncherOnly' evaluates to true.
[5AC4:5024][2026-06-26T15:36:19]i052: Condition 'not InstallAllUsers and Include_tcltk and not LauncherOnly' evaluates to true.
[5AC4:5024][2026-06-26T15:36:19]i204: Plan 3 msi features for package: tcltk_JustForMe
[5AC4:5024][2026-06-26T15:36:19]i203: Planned feature: DefaultFeature, state: Absent, default requested: Unknown, ba requested: Local, execute action: AddLocal, rollback action: Remove
[5AC4:5024][2026-06-26T15:36:19]i203: Planned feature: AssociateFiles, state: Absent, default requested: Unknown, ba requested: Absent, execute action: None, rollback action: None
[5AC4:5024][2026-06-26T15:36:19]i203: Planned feature: Shortcuts, state: Absent, default requested: Unknown, ba requested: Local, execute action: AddLocal, rollback action: Remove
[5AC4:5024][2026-06-26T15:36:19]i000: Setting string variable 'WixBundleRollbackLog_tcltk_JustForMe' to value 'C:\Users\Vaibhav Singh\.cursor\restaurant-recommender\install_public_007_tcltk_JustForMe_rollback.log'
[5AC4:5024][2026-06-26T15:36:19]i000: Setting string variable 'WixBundleLog_tcltk_JustForMe' to value 'C:\Users\Vaibhav Singh\.cursor\restaurant-recommender\install_public_007_tcltk_JustForMe.log'
[5AC4:5024][2026-06-26T15:36:19]i052: Condition 'not InstallAllUsers and Include_tcltk and Include_symbols and not LauncherOnly' evaluates to false.
[5AC4:5024][2026-06-26T15:36:19]i052: Condition 'not InstallAllUsers and Include_tcltk and Include_symbols and not LauncherOnly' evaluates to false.
[5AC4:5024][2026-06-26T15:36:19]i204: Plan 1 msi features for package: tcltk_JustForMe_pdb
[5AC4:5024][2026-06-26T15:36:19]i203: Planned feature: Symbols, state: Absent, default requested: Unknown, ba requested: Local, execute action: AddLocal, rollback action: Remove
[5AC4:5024][2026-06-26T15:36:19]i052: Condition 'not InstallAllUsers and Include_tcltk and Include_debug and not LauncherOnly' evaluates to false.
[5AC4:5024][2026-06-26T15:36:19]i052: Condition 'not InstallAllUsers and Include_tcltk and Include_debug and not LauncherOnly' evaluates to false.
[5AC4:5024][2026-06-26T15:36:19]i204: Plan 1 msi features for package: tcltk_JustForMe_d
[5AC4:5024][2026-06-26T15:36:19]i203: Planned feature: DebugBinaries, state: Absent, default requested: Unknown, ba requested: Local, execute action: AddLocal, rollback action: Remove
[5AC4:5024][2026-06-26T15:36:19]i052: Condition '(InstallAllUsers or InstallLauncherAllUsers) and Include_launcher and not DetectedLauncher' evaluates to false.
[5AC4:5024][2026-06-26T15:36:19]i052: Condition '(InstallAllUsers or InstallLauncherAllUsers) and Include_launcher and not DetectedLauncher' evaluates to false.
[5AC4:5024][2026-06-26T15:36:19]i204: Plan 2 msi features for package: launcher_AllUsers
[5AC4:5024][2026-06-26T15:36:19]i203: Planned feature: DefaultFeature, state: Absent, default requested: Unknown, ba requested: Local, execute action: AddLocal, rollback action: Remove
[5AC4:5024][2026-06-26T15:36:19]i203: Planned feature: AssociateFiles, state: Absent, default requested: Unknown, ba requested: Absent, execute action: None, rollback action: None
[5AC4:5024][2026-06-26T15:36:19]w322: Skipping cross-scope dependency registration on package: launcher_AllUsers, bundle scope: PerUser, package scope: PerMachine
[5AC4:5024][2026-06-26T15:36:19]i052: Condition 'not (InstallAllUsers or InstallLauncherAllUsers) and Include_launcher and not DetectedLauncher' evaluates to false.
[5AC4:5024][2026-06-26T15:36:19]i052: Condition 'not (InstallAllUsers or InstallLauncherAllUsers) and Include_launcher and not DetectedLauncher' evaluates to false.
[5AC4:5024][2026-06-26T15:36:19]i204: Plan 2 msi features for package: launcher_JustForMe
[5AC4:5024][2026-06-26T15:36:19]i203: Planned feature: DefaultFeature, state: Absent, default requested: Unknown, ba requested: Local, execute action: AddLocal, rollback action: Remove
[5AC4:5024][2026-06-26T15:36:19]i203: Planned feature: AssociateFiles, state: Absent, default requested: Unknown, ba requested: Absent, execute action: None, rollback action: None
[5AC4:5024][2026-06-26T15:36:19]i052: Condition 'InstallAllUsers and Include_pip and not LauncherOnly' evaluates to false.
[5AC4:5024][2026-06-26T15:36:19]i052: Condition 'InstallAllUsers and Include_pip and not LauncherOnly' evaluates to false.
[5AC4:5024][2026-06-26T15:36:19]w322: Skipping cross-scope dependency registration on package: pip_AllUsers, bundle scope: PerUser, package scope: PerMachine
[5AC4:5024][2026-06-26T15:36:19]i052: Condition 'not InstallAllUsers and Include_pip and not LauncherOnly' evaluates to true.
[5AC4:5024][2026-06-26T15:36:19]i052: Condition 'not InstallAllUsers and Include_pip and not LauncherOnly' evaluates to true.
[5AC4:5024][2026-06-26T15:36:19]i000: Setting string variable 'WixBundleRollbackLog_pip_JustForMe' to value 'C:\Users\Vaibhav Singh\.cursor\restaurant-recommender\install_public_008_pip_JustForMe_rollback.log'
[5AC4:5024][2026-06-26T15:36:19]i000: Setting string variable 'WixBundleLog_pip_JustForMe' to value 'C:\Users\Vaibhav Singh\.cursor\restaurant-recommender\install_public_008_pip_JustForMe.log'
[5AC4:5024][2026-06-26T15:36:19]i052: Condition 'InstallAllUsers and PrependPath and not LauncherOnly' evaluates to false.
[5AC4:5024][2026-06-26T15:36:19]i052: Condition 'InstallAllUsers and PrependPath and not LauncherOnly' evaluates to false.
[5AC4:5024][2026-06-26T15:36:19]w322: Skipping cross-scope dependency registration on package: path_AllUsers, bundle scope: PerUser, package scope: PerMachine
[5AC4:5024][2026-06-26T15:36:19]i052: Condition 'not InstallAllUsers and PrependPath and not LauncherOnly' evaluates to false.
[5AC4:5024][2026-06-26T15:36:19]i052: Condition 'not InstallAllUsers and PrependPath and not LauncherOnly' evaluates to false.
[5AC4:5024][2026-06-26T15:36:19]i052: Condition 'InstallAllUsers and AppendPath and not LauncherOnly' evaluates to false.
[5AC4:5024][2026-06-26T15:36:19]i052: Condition 'InstallAllUsers and AppendPath and not LauncherOnly' evaluates to false.
[5AC4:5024][2026-06-26T15:36:19]w322: Skipping cross-scope dependency registration on package: appendpath_AllUsers, bundle scope: PerUser, package scope: PerMachine
[5AC4:5024][2026-06-26T15:36:19]i052: Condition 'not InstallAllUsers and AppendPath and not LauncherOnly' evaluates to false.
[5AC4:5024][2026-06-26T15:36:19]i052: Condition 'not InstallAllUsers and AppendPath and not LauncherOnly' evaluates to false.
[5AC4:5024][2026-06-26T15:36:19]i052: Condition 'InstallAllUsers and CompileAll and not LauncherOnly' evaluates to false.
[5AC4:5024][2026-06-26T15:36:19]i052: Condition 'InstallAllUsers and CompileAll and not LauncherOnly' evaluates to false.
[5AC4:5024][2026-06-26T15:36:19]w321: Skipping dependency registration on package with no dependency providers: compileall_AllUsers
[5AC4:5024][2026-06-26T15:36:19]i052: Condition 'InstallAllUsers and CompileAll and not LauncherOnly' evaluates to false.
[5AC4:5024][2026-06-26T15:36:19]i052: Condition 'InstallAllUsers and CompileAll and not LauncherOnly' evaluates to false.
[5AC4:5024][2026-06-26T15:36:19]w321: Skipping dependency registration on package with no dependency providers: compileallO_AllUsers
[5AC4:5024][2026-06-26T15:36:19]i052: Condition 'InstallAllUsers and CompileAll and not LauncherOnly' evaluates to false.
[5AC4:5024][2026-06-26T15:36:19]i052: Condition 'InstallAllUsers and CompileAll and not LauncherOnly' evaluates to false.
[5AC4:5024][2026-06-26T15:36:19]w321: Skipping dependency registration on package with no dependency providers: compileallOO_AllUsers
[5AC4:5024][2026-06-26T15:36:19]i052: Condition 'not InstallAllUsers and CompileAll and not LauncherOnly' evaluates to false.
[5AC4:5024][2026-06-26T15:36:19]i052: Condition 'not InstallAllUsers and CompileAll and not LauncherOnly' evaluates to false.
[5AC4:5024][2026-06-26T15:36:19]w321: Skipping dependency registration on package with no dependency providers: compileall_JustForMe
[5AC4:5024][2026-06-26T15:36:19]i052: Condition 'not InstallAllUsers and CompileAll and not LauncherOnly' evaluates to false.
[5AC4:5024][2026-06-26T15:36:19]i052: Condition 'not InstallAllUsers and CompileAll and not LauncherOnly' evaluates to false.
[5AC4:5024][2026-06-26T15:36:19]w321: Skipping dependency registration on package with no dependency providers: compileallO_JustForMe
[5AC4:5024][2026-06-26T15:36:19]i052: Condition 'not InstallAllUsers and CompileAll and not LauncherOnly' evaluates to false.
[5AC4:5024][2026-06-26T15:36:19]i052: Condition 'not InstallAllUsers and CompileAll and not LauncherOnly' evaluates to false.
[5AC4:5024][2026-06-26T15:36:19]w321: Skipping dependency registration on package with no dependency providers: compileallOO_JustForMe
[5AC4:5024][2026-06-26T15:36:19]i201: Planned package: ucrt_AllUsers, state: Absent, default requested: Absent, ba requested: Absent, execute: None, rollback: None, cache: No, uncache: No, dependency: None
[5AC4:5024][2026-06-26T15:36:19]i201: Planned package: ucrt_JustForMe, state: Absent, default requested: Absent, ba requested: Absent, execute: None, rollback: None, cache: No, uncache: No, dependency: None
[5AC4:5024][2026-06-26T15:36:19]i201: Planned package: core_AllUsers, state: Absent, default requested: Absent, ba requested: Absent, execute: None, rollback: None, cache: No, uncache: No, dependency: None
[5AC4:5024][2026-06-26T15:36:19]i201: Planned package: core_AllUsers_pdb, state: Absent, default requested: Absent, ba requested: Absent, execute: None, rollback: None, cache: No, uncache: No, dependency: None
[5AC4:5024][2026-06-26T15:36:19]i201: Planned package: core_AllUsers_d, state: Absent, default requested: Absent, ba requested: Absent, execute: None, rollback: None, cache: No, uncache: No, dependency: None
[5AC4:5024][2026-06-26T15:36:19]i201: Planned package: core_JustForMe, state: Absent, default requested: Present, ba requested: Present, execute: Install, rollback: Uninstall, cache: Yes, uncache: No, dependency: Register
[5AC4:5024][2026-06-26T15:36:19]i201: Planned package: core_JustForMe_pdb, state: Absent, default requested: Absent, ba requested: Absent, execute: None, rollback: None, cache: No, uncache: No, dependency: None
[5AC4:5024][2026-06-26T15:36:19]i201: Planned package: core_JustForMe_d, state: Absent, default requested: Absent, ba requested: Absent, execute: None, rollback: None, cache: No, uncache: No, dependency: None
[5AC4:5024][2026-06-26T15:36:19]i201: Planned package: exe_AllUsers, state: Absent, default requested: Absent, ba requested: Absent, execute: None, rollback: None, cache: No, uncache: No, dependency: None
[5AC4:5024][2026-06-26T15:36:19]i201: Planned package: exe_AllUsers_pdb, state: Absent, default requested: Absent, ba requested: Absent, execute: None, rollback: None, cache: No, uncache: No, dependency: None
[5AC4:5024][2026-06-26T15:36:19]i201: Planned package: exe_AllUsers_d, state: Absent, default requested: Absent, ba requested: Absent, execute: None, rollback: None, cache: No, uncache: No, dependency: None
[5AC4:5024][2026-06-26T15:36:19]i201: Planned package: exe_JustForMe, state: Absent, default requested: Present, ba requested: Present, execute: Install, rollback: Uninstall, cache: No, uncache: No, dependency: Register
[5AC4:5024][2026-06-26T15:36:19]i201: Planned package: exe_JustForMe_pdb, state: Absent, default requested: Absent, ba requested: Absent, execute: None, rollback: None, cache: No, uncache: No, dependency: None
[5AC4:5024][2026-06-26T15:36:19]i201: Planned package: exe_JustForMe_d, state: Absent, default requested: Absent, ba requested: Absent, execute: None, rollback: None, cache: No, uncache: No, dependency: None
[5AC4:5024][2026-06-26T15:36:19]i201: Planned package: dev_AllUsers, state: Absent, default requested: Absent, ba requested: Absent, execute: None, rollback: None, cache: No, uncache: No, dependency: None
[5AC4:5024][2026-06-26T15:36:19]i201: Planned package: dev_AllUsers_d, state: Absent, default requested: Absent, ba requested: Absent, execute: None, rollback: None, cache: No, uncache: No, dependency: None
[5AC4:5024][2026-06-26T15:36:19]i201: Planned package: dev_JustForMe, state: Absent, default requested: Present, ba requested: Present, execute: Install, rollback: Uninstall, cache: No, uncache: No, dependency: Register
[5AC4:5024][2026-06-26T15:36:19]i201: Planned package: dev_JustForMe_d, state: Absent, default requested: Absent, ba requested: Absent, execute: None, rollback: None, cache: No, uncache: No, dependency: None
[5AC4:5024][2026-06-26T15:36:19]i201: Planned package: lib_AllUsers, state: Absent, default requested: Absent, ba requested: Absent, execute: None, rollback: None, cache: No, uncache: No, dependency: None
[5AC4:5024][2026-06-26T15:36:19]i201: Planned package: lib_AllUsers_pdb, state: Absent, default requested: Absent, ba requested: Absent, execute: None, rollback: None, cache: No, uncache: No, dependency: None
[5AC4:5024][2026-06-26T15:36:19]i201: Planned package: lib_AllUsers_d, state: Absent, default requested: Absent, ba requested: Absent, execute: None, rollback: None, cache: No, uncache: No, dependency: None
[5AC4:5024][2026-06-26T15:36:19]i201: Planned package: lib_JustForMe, state: Absent, default requested: Present, ba requested: Present, execute: Install, rollback: Uninstall, cache: No, uncache: No, dependency: Register
[5AC4:5024][2026-06-26T15:36:19]i201: Planned package: lib_JustForMe_pdb, state: Absent, default requested: Absent, ba requested: Absent, execute: None, rollback: None, cache: No, uncache: No, dependency: None
[5AC4:5024][2026-06-26T15:36:19]i201: Planned package: lib_JustForMe_d, state: Absent, default requested: Absent, ba requested: Absent, execute: None, rollback: None, cache: No, uncache: No, dependency: None
[5AC4:5024][2026-06-26T15:36:19]i201: Planned package: test_AllUsers, state: Absent, default requested: Absent, ba requested: Absent, execute: None, rollback: None, cache: No, uncache: No, dependency: None
[5AC4:5024][2026-06-26T15:36:19]i201: Planned package: test_AllUsers_pdb, state: Absent, default requested: Absent, ba requested: Absent, execute: None, rollback: None, cache: No, uncache: No, dependency: None
[5AC4:5024][2026-06-26T15:36:19]i201: Planned package: test_AllUsers_d, state: Absent, default requested: Absent, ba requested: Absent, execute: None, rollback: None, cache: No, uncache: No, dependency: None
[5AC4:5024][2026-06-26T15:36:19]i201: Planned package: test_JustForMe, state: Absent, default requested: Present, ba requested: Present, execute: Install, rollback: Uninstall, cache: No, uncache: No, dependency: Register
[5AC4:5024][2026-06-26T15:36:19]i201: Planned package: test_JustForMe_pdb, state: Absent, default requested: Absent, ba requested: Absent, execute: None, rollback: None, cache: No, uncache: No, dependency: None
[5AC4:5024][2026-06-26T15:36:19]i201: Planned package: test_JustForMe_d, state: Absent, default requested: Absent, ba requested: Absent, execute: None, rollback: None, cache: No, uncache: No, dependency: None
[5AC4:5024][2026-06-26T15:36:19]i201: Planned package: doc_AllUsers, state: Absent, default requested: Absent, ba requested: Absent, execute: None, rollback: None, cache: No, uncache: No, dependency: None
[5AC4:5024][2026-06-26T15:36:19]i201: Planned package: doc_JustForMe, state: Absent, default requested: Present, ba requested: Present, execute: Install, rollback: Uninstall, cache: No, uncache: No, dependency: Register
[5AC4:5024][2026-06-26T15:36:19]i201: Planned package: tools_AllUsers, state: Absent, default requested: Absent, ba requested: Absent, execute: None, rollback: None, cache: No, uncache: No, dependency: None
[5AC4:5024][2026-06-26T15:36:19]i201: Planned package: tools_JustForMe, state: Absent, default requested: Present, ba requested: Present, execute: Install, rollback: Uninstall, cache: No, uncache: No, dependency: Register
[5AC4:5024][2026-06-26T15:36:19]i201: Planned package: tcltk_AllUsers, state: Absent, default requested: Absent, ba requested: Absent, execute: None, rollback: None, cache: No, uncache: No, dependency: None
[5AC4:5024][2026-06-26T15:36:19]i201: Planned package: tcltk_AllUsers_pdb, state: Absent, default requested: Absent, ba requested: Absent, execute: None, rollback: None, cache: No, uncache: No, dependency: None
[5AC4:5024][2026-06-26T15:36:19]i201: Planned package: tcltk_AllUsers_d, state: Absent, default requested: Absent, ba requested: Absent, execute: None, rollback: None, cache: No, uncache: No, dependency: None
[5AC4:5024][2026-06-26T15:36:19]i201: Planned package: tcltk_JustForMe, state: Absent, default requested: Present, ba requested: Present, execute: Install, rollback: Uninstall, cache: No, uncache: No, dependency: Register
[5AC4:5024][2026-06-26T15:36:19]i201: Planned package: tcltk_JustForMe_pdb, state: Absent, default requested: Absent, ba requested: Absent, execute: None, rollback: None, cache: No, uncache: No, dependency: None
[5AC4:5024][2026-06-26T15:36:19]i201: Planned package: tcltk_JustForMe_d, state: Absent, default requested: Absent, ba requested: Absent, execute: None, rollback: None, cache: No, uncache: No, dependency: None
[5AC4:5024][2026-06-26T15:36:19]i201: Planned package: launcher_AllUsers, state: Absent, default requested: Absent, ba requested: Absent, execute: None, rollback: None, cache: No, uncache: No, dependency: None
[5AC4:5024][2026-06-26T15:36:19]i201: Planned package: launcher_JustForMe, state: Absent, default requested: Absent, ba requested: Absent, execute: None, rollback: None, cache: No, uncache: No, dependency: None
[5AC4:5024][2026-06-26T15:36:19]i201: Planned package: pip_AllUsers, state: Absent, default requested: Absent, ba requested: Absent, execute: None, rollback: None, cache: No, uncache: No, dependency: None
[5AC4:5024][2026-06-26T15:36:19]i201: Planned package: pip_JustForMe, state: Absent, default requested: Present, ba requested: Present, execute: Install, rollback: Uninstall, cache: No, uncache: No, dependency: Register
[5AC4:5024][2026-06-26T15:36:19]i201: Planned package: path_AllUsers, state: Absent, default requested: Absent, ba requested: Absent, execute: None, rollback: None, cache: No, uncache: No, dependency: None
[5AC4:5024][2026-06-26T15:36:19]i201: Planned package: path_JustForMe, state: Absent, default requested: Absent, ba requested: Absent, execute: None, rollback: None, cache: No, uncache: No, dependency: None
[5AC4:5024][2026-06-26T15:36:19]i201: Planned package: appendpath_AllUsers, state: Absent, default requested: Absent, ba requested: Absent, execute: None, rollback: None, cache: No, uncache: No, dependency: None
[5AC4:5024][2026-06-26T15:36:19]i201: Planned package: appendpath_JustForMe, state: Absent, default requested: Absent, ba requested: Absent, execute: None, rollback: None, cache: No, uncache: No, dependency: None
[5AC4:5024][2026-06-26T15:36:19]i201: Planned package: compileall_AllUsers, state: Absent, default requested: Absent, ba requested: Absent, execute: None, rollback: None, cache: No, uncache: No, dependency: None
[5AC4:5024][2026-06-26T15:36:19]i201: Planned package: compileallO_AllUsers, state: Absent, default requested: Absent, ba requested: Absent, execute: None, rollback: None, cache: No, uncache: No, dependency: None
[5AC4:5024][2026-06-26T15:36:19]i201: Planned package: compileallOO_AllUsers, state: Absent, default requested: Absent, ba requested: Absent, execute: None, rollback: None, cache: No, uncache: No, dependency: None
[5AC4:5024][2026-06-26T15:36:19]i201: Planned package: compileall_JustForMe, state: Absent, default requested: Absent, ba requested: Absent, execute: None, rollback: None, cache: No, uncache: No, dependency: None
[5AC4:5024][2026-06-26T15:36:19]i201: Planned package: compileallO_JustForMe, state: Absent, default requested: Absent, ba requested: Absent, execute: None, rollback: None, cache: No, uncache: No, dependency: None
[5AC4:5024][2026-06-26T15:36:19]i201: Planned package: compileallOO_JustForMe, state: Absent, default requested: Absent, ba requested: Absent, execute: None, rollback: None, cache: No, uncache: No, dependency: None
[5AC4:5024][2026-06-26T15:36:19]i299: Plan complete, result: 0x0
[5AC4:5024][2026-06-26T15:36:19]i300: Apply begin
[5AC4:5024][2026-06-26T15:36:19]i370: Session begin, registration key: SOFTWARE\Microsoft\Windows\CurrentVersion\Uninstall\{1da2e09b-199c-4def-9a99-93a8c1b8ddf2}, options: 0x7, disable resume: No
[5AC4:5024][2026-06-26T15:36:19]i000: Caching bundle from: 'C:\Users\VAIBHA~1\AppData\Local\Temp\{729C55F1-D6DD-457A-BCF8-B69DFD647BE7}\.be\python-3.11.9-amd64.exe' to: 'C:\Users\Vaibhav Singh\AppData\Local\Package Cache\{1da2e09b-199c-4def-9a99-93a8c1b8ddf2}\python-3.11.9-amd64.exe'
[5AC4:5024][2026-06-26T15:36:19]i320: Registering bundle dependency provider: CPython-3.11, version: 3.11.9150.0
[5AC4:5024][2026-06-26T15:36:19]i371: Updating session, registration key: SOFTWARE\Microsoft\Windows\CurrentVersion\Uninstall\{1da2e09b-199c-4def-9a99-93a8c1b8ddf2}, resume: Active, restart initiated: No, disable resume: No
[5AC4:9C68][2026-06-26T15:36:19]i305: Verified acquired payload: core_JustForMe at path: C:\Users\Vaibhav Singh\AppData\Local\Package Cache\.unverified\core_JustForMe, moving to: C:\Users\Vaibhav Singh\AppData\Local\Package Cache\{B074012B-9B85-4049-BA01-A58A8C4C2236}v3.11.9150.0\core.msi.
[5AC4:5024][2026-06-26T15:36:19]i323: Registering package dependency provider: {B074012B-9B85-4049-BA01-A58A8C4C2236}, version: 3.11.9150.0, package: core_JustForMe
[5AC4:5024][2026-06-26T15:36:19]i301: Applying execute package: core_JustForMe, action: Install, path: C:\Users\Vaibhav Singh\AppData\Local\Package Cache\{B074012B-9B85-4049-BA01-A58A8C4C2236}v3.11.9150.0\core.msi, arguments: ' ARPSYSTEMCOMPONENT="1" MSIFASTINSTALL="7" TARGETDIR="C:\Users\Public\Python311" OPTIONALFEATURESREGISTRYKEY="Software\Python\PythonCore\3.11\InstalledFeatures"'
[5AC4:9C68][2026-06-26T15:36:19]i304: Verified existing payload: exe_JustForMe at path: C:\Users\Vaibhav Singh\AppData\Local\Package Cache\{C038789C-DCB5-42D3-8C51-3BC9DDB26B90}v3.11.9150.0\exe.msi.
[5AC4:9C68][2026-06-26T15:36:19]i304: Verified existing payload: dev_JustForMe at path: C:\Users\Vaibhav Singh\AppData\Local\Package Cache\{CEE03ABD-D5F9-4104-BFA5-520711B8D71F}v3.11.9150.0\dev.msi.
[5AC4:9C68][2026-06-26T15:36:19]i304: Verified existing payload: lib_JustForMe at path: C:\Users\Vaibhav Singh\AppData\Local\Package Cache\{9AFDC691-40E5-4B15-835F-9A524AC4672C}v3.11.9150.0\lib.msi.
[5AC4:9C68][2026-06-26T15:36:19]i304: Verified existing payload: test_JustForMe at path: C:\Users\Vaibhav Singh\AppData\Local\Package Cache\{A9F91BE3-1B3B-4CB4-A169-19E13DD70BEA}v3.11.9150.0\test.msi.
[5AC4:9C68][2026-06-26T15:36:19]i304: Verified existing payload: doc_JustForMe at path: C:\Users\Vaibhav Singh\AppData\Local\Package Cache\{425B36E9-4EA6-47B4-88C3-E798BA903188}v3.11.9150.0\doc.msi.
[5AC4:9C68][2026-06-26T15:36:19]i304: Verified existing payload: tools_JustForMe at path: C:\Users\Vaibhav Singh\AppData\Local\Package Cache\{29CEC70F-9D96-472B-B6A1-AE7578376985}v3.11.9150.0\tools.msi.
[5AC4:9C68][2026-06-26T15:36:19]i304: Verified existing payload: tcltk_JustForMe at path: C:\Users\Vaibhav Singh\AppData\Local\Package Cache\{57AC2A86-EC99-4E9C-9FF9-15DAA88D1FAE}v3.11.9150.0\tcltk.msi.
[5AC4:9C68][2026-06-26T15:36:19]i304: Verified existing payload: pip_JustForMe at path: C:\Users\Vaibhav Singh\AppData\Local\Package Cache\{1D653E80-09B2-40AB-9530-7DF12E632F8A}v3.11.9150.0\pip.msi.
[5AC4:5024][2026-06-26T15:36:20]i319: Applied execute package: core_JustForMe, result: 0x0, restart: None
[5AC4:5024][2026-06-26T15:36:20]i325: Registering dependency: {1da2e09b-199c-4def-9a99-93a8c1b8ddf2} on package provider: {B074012B-9B85-4049-BA01-A58A8C4C2236}, package: core_JustForMe
[5AC4:5024][2026-06-26T15:36:20]i323: Registering package dependency provider: {C038789C-DCB5-42D3-8C51-3BC9DDB26B90}, version: 3.11.9150.0, package: exe_JustForMe
[5AC4:5024][2026-06-26T15:36:20]i301: Applying execute package: exe_JustForMe, action: Install, path: C:\Users\Vaibhav Singh\AppData\Local\Package Cache\{C038789C-DCB5-42D3-8C51-3BC9DDB26B90}v3.11.9150.0\exe.msi, arguments: ' ARPSYSTEMCOMPONENT="1" MSIFASTINSTALL="7" TARGETDIR="C:\Users\Public\Python311" OPTIONALFEATURESREGISTRYKEY="Software\Python\PythonCore\3.11\InstalledFeatures" ADDLOCAL="DefaultFeature,Shortcuts"'
[5AC4:5024][2026-06-26T15:36:22]i319: Applied execute package: exe_JustForMe, result: 0x0, restart: None
[5AC4:5024][2026-06-26T15:36:22]i325: Registering dependency: {1da2e09b-199c-4def-9a99-93a8c1b8ddf2} on package provider: {C038789C-DCB5-42D3-8C51-3BC9DDB26B90}, package: exe_JustForMe
[5AC4:5024][2026-06-26T15:36:22]i323: Registering package dependency provider: {CEE03ABD-D5F9-4104-BFA5-520711B8D71F}, version: 3.11.9150.0, package: dev_JustForMe
[5AC4:5024][2026-06-26T15:36:22]i301: Applying execute package: dev_JustForMe, action: Install, path: C:\Users\Vaibhav Singh\AppData\Local\Package Cache\{CEE03ABD-D5F9-4104-BFA5-520711B8D71F}v3.11.9150.0\dev.msi, arguments: ' ARPSYSTEMCOMPONENT="1" MSIFASTINSTALL="7" TARGETDIR="C:\Users\Public\Python311" OPTIONALFEATURESREGISTRYKEY="Software\Python\PythonCore\3.11\InstalledFeatures"'
[5AC4:5024][2026-06-26T15:36:24]i319: Applied execute package: dev_JustForMe, result: 0x0, restart: None
[5AC4:5024][2026-06-26T15:36:24]i325: Registering dependency: {1da2e09b-199c-4def-9a99-93a8c1b8ddf2} on package provider: {CEE03ABD-D5F9-4104-BFA5-520711B8D71F}, package: dev_JustForMe
[5AC4:5024][2026-06-26T15:36:24]i323: Registering package dependency provider: {9AFDC691-40E5-4B15-835F-9A524AC4672C}, version: 3.11.9150.0, package: lib_JustForMe
[5AC4:5024][2026-06-26T15:36:24]i301: Applying execute package: lib_JustForMe, action: Install, path: C:\Users\Vaibhav Singh\AppData\Local\Package Cache\{9AFDC691-40E5-4B15-835F-9A524AC4672C}v3.11.9150.0\lib.msi, arguments: ' ARPSYSTEMCOMPONENT="1" MSIFASTINSTALL="7" TARGETDIR="C:\Users\Public\Python311" OPTIONALFEATURESREGISTRYKEY="Software\Python\PythonCore\3.11\InstalledFeatures"'
[5AC4:5024][2026-06-26T15:36:38]i319: Applied execute package: lib_JustForMe, result: 0x0, restart: None
[5AC4:5024][2026-06-26T15:36:38]i325: Registering dependency: {1da2e09b-199c-4def-9a99-93a8c1b8ddf2} on package provider: {9AFDC691-40E5-4B15-835F-9A524AC4672C}, package: lib_JustForMe
[5AC4:5024][2026-06-26T15:36:38]i323: Registering package dependency provider: {A9F91BE3-1B3B-4CB4-A169-19E13DD70BEA}, version: 3.11.9150.0, package: test_JustForMe
[5AC4:5024][2026-06-26T15:36:38]i301: Applying execute package: test_JustForMe, action: Install, path: C:\Users\Vaibhav Singh\AppData\Local\Package Cache\{A9F91BE3-1B3B-4CB4-A169-19E13DD70BEA}v3.11.9150.0\test.msi, arguments: ' ARPSYSTEMCOMPONENT="1" MSIFASTINSTALL="7" TARGETDIR="C:\Users\Public\Python311" OPTIONALFEATURESREGISTRYKEY="Software\Python\PythonCore\3.11\InstalledFeatures"'
[5AC4:5024][2026-06-26T15:37:07]i319: Applied execute package: test_JustForMe, result: 0x0, restart: None
[5AC4:5024][2026-06-26T15:37:07]i325: Registering dependency: {1da2e09b-199c-4def-9a99-93a8c1b8ddf2} on package provider: {A9F91BE3-1B3B-4CB4-A169-19E13DD70BEA}, package: test_JustForMe
[5AC4:5024][2026-06-26T15:37:07]i323: Registering package dependency provider: {425B36E9-4EA6-47B4-88C3-E798BA903188}, version: 3.11.9150.0, package: doc_JustForMe
[5AC4:5024][2026-06-26T15:37:07]i301: Applying execute package: doc_JustForMe, action: Install, path: C:\Users\Vaibhav Singh\AppData\Local\Package Cache\{425B36E9-4EA6-47B4-88C3-E798BA903188}v3.11.9150.0\doc.msi, arguments: ' ARPSYSTEMCOMPONENT="1" MSIFASTINSTALL="7" TARGETDIR="C:\Users\Public\Python311" OPTIONALFEATURESREGISTRYKEY="Software\Python\PythonCore\3.11\InstalledFeatures" ADDLOCAL="DefaultFeature,Shortcuts"'
[5AC4:5024][2026-06-26T15:37:24]i319: Applied execute package: doc_JustForMe, result: 0x0, restart: None
[5AC4:5024][2026-06-26T15:37:24]i325: Registering dependency: {1da2e09b-199c-4def-9a99-93a8c1b8ddf2} on package provider: {425B36E9-4EA6-47B4-88C3-E798BA903188}, package: doc_JustForMe
[5AC4:5024][2026-06-26T15:37:24]i323: Registering package dependency provider: {29CEC70F-9D96-472B-B6A1-AE7578376985}, version: 3.11.9150.0, package: tools_JustForMe
[5AC4:5024][2026-06-26T15:37:24]i301: Applying execute package: tools_JustForMe, action: Install, path: C:\Users\Vaibhav Singh\AppData\Local\Package Cache\{29CEC70F-9D96-472B-B6A1-AE7578376985}v3.11.9150.0\tools.msi, arguments: ' ARPSYSTEMCOMPONENT="1" MSIFASTINSTALL="7" TARGETDIR="C:\Users\Public\Python311" OPTIONALFEATURESREGISTRYKEY="Software\Python\PythonCore\3.11\InstalledFeatures"'
[5AC4:5024][2026-06-26T15:37:28]i319: Applied execute package: tools_JustForMe, result: 0x0, restart: None
[5AC4:5024][2026-06-26T15:37:28]i325: Registering dependency: {1da2e09b-199c-4def-9a99-93a8c1b8ddf2} on package provider: {29CEC70F-9D96-472B-B6A1-AE7578376985}, package: tools_JustForMe
[5AC4:5024][2026-06-26T15:37:28]i323: Registering package dependency provider: {57AC2A86-EC99-4E9C-9FF9-15DAA88D1FAE}, version: 3.11.9150.0, package: tcltk_JustForMe
[5AC4:5024][2026-06-26T15:37:28]i301: Applying execute package: tcltk_JustForMe, action: Install, path: C:\Users\Vaibhav Singh\AppData\Local\Package Cache\{57AC2A86-EC99-4E9C-9FF9-15DAA88D1FAE}v3.11.9150.0\tcltk.msi, arguments: ' ARPSYSTEMCOMPONENT="1" MSIFASTINSTALL="7" TARGETDIR="C:\Users\Public\Python311" OPTIONALFEATURESREGISTRYKEY="Software\Python\PythonCore\3.11\InstalledFeatures" ADDLOCAL="DefaultFeature,Shortcuts"'
[5AC4:5024][2026-06-26T15:37:50]i319: Applied execute package: tcltk_JustForMe, result: 0x0, restart: None
[5AC4:5024][2026-06-26T15:37:50]i325: Registering dependency: {1da2e09b-199c-4def-9a99-93a8c1b8ddf2} on package provider: {57AC2A86-EC99-4E9C-9FF9-15DAA88D1FAE}, package: tcltk_JustForMe
[5AC4:5024][2026-06-26T15:37:50]i323: Registering package dependency provider: {1D653E80-09B2-40AB-9530-7DF12E632F8A}, version: 3.11.9150.0, package: pip_JustForMe
[5AC4:5024][2026-06-26T15:37:50]i301: Applying execute package: pip_JustForMe, action: Install, path: C:\Users\Vaibhav Singh\AppData\Local\Package Cache\{1D653E80-09B2-40AB-9530-7DF12E632F8A}v3.11.9150.0\pip.msi, arguments: ' ARPSYSTEMCOMPONENT="1" MSIFASTINSTALL="7" TARGETDIR="C:\Users\Public\Python311" OPTIONALFEATURESREGISTRYKEY="Software\Python\PythonCore\3.11\InstalledFeatures"'
[5AC4:5024][2026-06-26T15:38:12]i319: Applied execute package: pip_JustForMe, result: 0x0, restart: None
[5AC4:5024][2026-06-26T15:38:12]i325: Registering dependency: {1da2e09b-199c-4def-9a99-93a8c1b8ddf2} on package provider: {1D653E80-09B2-40AB-9530-7DF12E632F8A}, package: pip_JustForMe
[5AC4:5024][2026-06-26T15:38:12]i372: Session end, registration key: SOFTWARE\Microsoft\Windows\CurrentVersion\Uninstall\{1da2e09b-199c-4def-9a99-93a8c1b8ddf2}, resume: ARP, restart: None, disable resume: No
[5AC4:5024][2026-06-26T15:38:12]i371: Updating session, registration key: SOFTWARE\Microsoft\Windows\CurrentVersion\Uninstall\{1da2e09b-199c-4def-9a99-93a8c1b8ddf2}, resume: ARP, restart initiated: No, disable resume: No
[5AC4:5024][2026-06-26T15:38:12]i399: Apply complete, result: 0x0, restart: None, ba requested restart:  No
[5AC4:5024][2026-06-26T15:38:12]i500: Shutting down, exit code: 0x0
[5AC4:5024][2026-06-26T15:38:12]i410: Variable: ActionLikeInstallation = Setup
[5AC4:5024][2026-06-26T15:38:12]i410: Variable: ActionLikeInstalling = Installing
[5AC4:5024][2026-06-26T15:38:12]i410: Variable: AppendPath = 0
[5AC4:5024][2026-06-26T15:38:12]i410: Variable: AssociateFiles = 0
[5AC4:5024][2026-06-26T15:38:12]i410: Variable: BlockedLauncher = 0
[5AC4:5024][2026-06-26T15:38:12]i410: Variable: CompileAll = 0
[5AC4:5024][2026-06-26T15:38:12]i410: Variable: CRTInstalled = 1
[5AC4:5024][2026-06-26T15:38:12]i410: Variable: CustomBrowseButtonState = enabled
[5AC4:5024][2026-06-26T15:38:12]i410: Variable: CustomInstallLauncherAllUsersState = enabled
[5AC4:5024][2026-06-26T15:38:12]i410: Variable: DefaultAllUsersTargetDir = C:\Program Files\Python311
[5AC4:5024][2026-06-26T15:38:12]i410: Variable: DefaultCustomTargetDir = 
[5AC4:5024][2026-06-26T15:38:12]i410: Variable: DefaultJustForMeTargetDir = C:\Users\Vaibhav Singh\AppData\Local\Programs\Python\Python311
[5AC4:5024][2026-06-26T15:38:12]i410: Variable: DetectedLauncher = 0
[5AC4:5024][2026-06-26T15:38:12]i410: Variable: DetectedOldLauncher = 0
[5AC4:5024][2026-06-26T15:38:12]i410: Variable: Include_core = 1
[5AC4:5024][2026-06-26T15:38:12]i410: Variable: Include_debug = 0
[5AC4:5024][2026-06-26T15:38:12]i410: Variable: Include_dev = 1
[5AC4:5024][2026-06-26T15:38:12]i410: Variable: Include_doc = 1
[5AC4:5024][2026-06-26T15:38:12]i410: Variable: Include_exe = 1
[5AC4:5024][2026-06-26T15:38:12]i410: Variable: Include_launcher = 0
[5AC4:5024][2026-06-26T15:38:12]i410: Variable: Include_launcherState = enabled
[5AC4:5024][2026-06-26T15:38:12]i410: Variable: Include_lib = 1
[5AC4:5024][2026-06-26T15:38:12]i410: Variable: Include_pip = 1
[5AC4:5024][2026-06-26T15:38:12]i410: Variable: Include_symbols = 0
[5AC4:5024][2026-06-26T15:38:12]i410: Variable: Include_tcltk = 1
[5AC4:5024][2026-06-26T15:38:12]i410: Variable: Include_test = 1
[5AC4:5024][2026-06-26T15:38:12]i410: Variable: Include_tools = 1
[5AC4:5024][2026-06-26T15:38:12]i410: Variable: InstallAllUsers = 0
[5AC4:5024][2026-06-26T15:38:12]i410: Variable: InstallAllUsersState = enabled
[5AC4:5024][2026-06-26T15:38:12]i410: Variable: InstallLauncherAllUsers = 0
[5AC4:5024][2026-06-26T15:38:12]i410: Variable: InstallLauncherAllUsersState = enabled
[5AC4:5024][2026-06-26T15:38:12]i410: Variable: LauncherOnly = 0
[5AC4:5024][2026-06-26T15:38:12]i410: Variable: LocalAppDataFolder = C:\Users\Vaibhav Singh\AppData\Local\
[5AC4:5024][2026-06-26T15:38:12]i410: Variable: OptionalFeaturesRegistryKey = Software\Python\PythonCore\3.11\InstalledFeatures
[5AC4:5024][2026-06-26T15:38:12]i410: Variable: PrependPath = 0
[5AC4:5024][2026-06-26T15:38:12]i410: Variable: ProgramFiles64Folder = C:\Program Files\
[5AC4:5024][2026-06-26T15:38:12]i410: Variable: Shortcuts = 1
[5AC4:5024][2026-06-26T15:38:12]i410: Variable: ShortVersion = 3.11
[5AC4:5024][2026-06-26T15:38:12]i410: Variable: ShortVersionNoDot = 311
[5AC4:5024][2026-06-26T15:38:12]i410: Variable: SimpleInstall = 0
[5AC4:5024][2026-06-26T15:38:12]i410: Variable: SimpleInstallDescription = 
[5AC4:5024][2026-06-26T15:38:12]i410: Variable: TargetDir = C:\Users\Public\Python311
[5AC4:5024][2026-06-26T15:38:12]i410: Variable: TargetDirRegistryKey = Software\Python\PythonCore\3.11\InstallPath
[5AC4:5024][2026-06-26T15:38:12]i410: Variable: TargetDirState = enabled
[5AC4:5024][2026-06-26T15:38:12]i410: Variable: TargetPlatform = x64
[5AC4:5024][2026-06-26T15:38:12]i410: Variable: WinVer = 3.11
[5AC4:5024][2026-06-26T15:38:12]i410: Variable: WinVerNoDot = 311
[5AC4:5024][2026-06-26T15:38:12]i410: Variable: WixBundleAction = 5
[5AC4:5024][2026-06-26T15:38:12]i410: Variable: WixBundleElevated = 0
[5AC4:5024][2026-06-26T15:38:12]i410: Variable: WixBundleFileVersion = 3.11.9150.0
[5AC4:5024][2026-06-26T15:38:12]i410: Variable: WixBundleInstalled = 0
[5AC4:5024][2026-06-26T15:38:12]i410: Variable: WixBundleLog = C:\Users\Vaibhav Singh\.cursor\restaurant-recommender\install_public.log
[5AC4:5024][2026-06-26T15:38:12]i410: Variable: WixBundleLog_core_JustForMe = C:\Users\Vaibhav Singh\.cursor\restaurant-recommender\install_public_000_core_JustForMe.log
[5AC4:5024][2026-06-26T15:38:12]i410: Variable: WixBundleLog_dev_JustForMe = C:\Users\Vaibhav Singh\.cursor\restaurant-recommender\install_public_002_dev_JustForMe.log
[5AC4:5024][2026-06-26T15:38:12]i410: Variable: WixBundleLog_doc_JustForMe = C:\Users\Vaibhav Singh\.cursor\restaurant-recommender\install_public_005_doc_JustForMe.log
[5AC4:5024][2026-06-26T15:38:12]i410: Variable: WixBundleLog_exe_JustForMe = C:\Users\Vaibhav Singh\.cursor\restaurant-recommender\install_public_001_exe_JustForMe.log
[5AC4:5024][2026-06-26T15:38:12]i410: Variable: WixBundleLog_lib_JustForMe = C:\Users\Vaibhav Singh\.cursor\restaurant-recommender\install_public_003_lib_JustForMe.log
[5AC4:5024][2026-06-26T15:38:12]i410: Variable: WixBundleLog_pip_JustForMe = C:\Users\Vaibhav Singh\.cursor\restaurant-recommender\install_public_008_pip_JustForMe.log
[5AC4:5024][2026-06-26T15:38:12]i410: Variable: WixBundleLog_tcltk_JustForMe = C:\Users\Vaibhav Singh\.cursor\restaurant-recommender\install_public_007_tcltk_JustForMe.log
[5AC4:5024][2026-06-26T15:38:12]i410: Variable: WixBundleLog_test_JustForMe = C:\Users\Vaibhav Singh\.cursor\restaurant-recommender\install_public_004_test_JustForMe.log
[5AC4:5024][2026-06-26T15:38:12]i410: Variable: WixBundleLog_tools_JustForMe = C:\Users\Vaibhav Singh\.cursor\restaurant-recommender\install_public_006_tools_JustForMe.log
[5AC4:5024][2026-06-26T15:38:12]i410: Variable: WixBundleManufacturer = Python Software Foundation
[5AC4:5024][2026-06-26T15:38:12]i410: Variable: WixBundleName = Python 3.11.9 (64-bit)
[5AC4:5024][2026-06-26T15:38:12]i410: Variable: WixBundleOriginalSource = C:\Users\Vaibhav Singh\.cursor\restaurant-recommender\python_installer.exe
[5AC4:5024][2026-06-26T15:38:12]i410: Variable: WixBundleOriginalSourceFolder = C:\Users\Vaibhav Singh\.cursor\restaurant-recommender\
[5AC4:5024][2026-06-26T15:38:12]i410: Variable: WixBundleProviderKey = CPython-3.11
[5AC4:5024][2026-06-26T15:38:12]i410: Variable: WixBundleRollbackLog_core_JustForMe = C:\Users\Vaibhav Singh\.cursor\restaurant-recommender\install_public_000_core_JustForMe_rollback.log
[5AC4:5024][2026-06-26T15:38:12]i410: Variable: WixBundleRollbackLog_dev_JustForMe = C:\Users\Vaibhav Singh\.cursor\restaurant-recommender\install_public_002_dev_JustForMe_rollback.log
[5AC4:5024][2026-06-26T15:38:12]i410: Variable: WixBundleRollbackLog_doc_JustForMe = C:\Users\Vaibhav Singh\.cursor\restaurant-recommender\install_public_005_doc_JustForMe_rollback.log
[5AC4:5024][2026-06-26T15:38:12]i410: Variable: WixBundleRollbackLog_exe_JustForMe = C:\Users\Vaibhav Singh\.cursor\restaurant-recommender\install_public_001_exe_JustForMe_rollback.log
[5AC4:5024][2026-06-26T15:38:12]i410: Variable: WixBundleRollbackLog_lib_JustForMe = C:\Users\Vaibhav Singh\.cursor\restaurant-recommender\install_public_003_lib_JustForMe_rollback.log
[5AC4:5024][2026-06-26T15:38:12]i410: Variable: WixBundleRollbackLog_pip_JustForMe = C:\Users\Vaibhav Singh\.cursor\restaurant-recommender\install_public_008_pip_JustForMe_rollback.log
[5AC4:5024][2026-06-26T15:38:12]i410: Variable: WixBundleRollbackLog_tcltk_JustForMe = C:\Users\Vaibhav Singh\.cursor\restaurant-recommender\install_public_007_tcltk_JustForMe_rollback.log
[5AC4:5024][2026-06-26T15:38:12]i410: Variable: WixBundleRollbackLog_test_JustForMe = C:\Users\Vaibhav Singh\.cursor\restaurant-recommender\install_public_004_test_JustForMe_rollback.log
[5AC4:5024][2026-06-26T15:38:12]i410: Variable: WixBundleRollbackLog_tools_JustForMe = C:\Users\Vaibhav Singh\.cursor\restaurant-recommender\install_public_006_tools_JustForMe_rollback.log
[5AC4:5024][2026-06-26T15:38:12]i410: Variable: WixBundleSourceProcessFolder = C:\Users\Vaibhav Singh\.cursor\restaurant-recommender\
[5AC4:5024][2026-06-26T15:38:12]i410: Variable: WixBundleSourceProcessPath = C:\Users\Vaibhav Singh\.cursor\restaurant-recommender\python_installer.exe
[5AC4:5024][2026-06-26T15:38:12]i410: Variable: WixBundleTag = 
[5AC4:5024][2026-06-26T15:38:12]i410: Variable: WixBundleUILevel = 2
[5AC4:5024][2026-06-26T15:38:12]i410: Variable: WixBundleVersion = 3.11.9150.0
[5AC4:5024][2026-06-26T15:38:12]i007: Exit code: 0x0, restarting: No
