[B340:0C10][2026-06-26T15:34:05]i001: Burn v3.14.0.5722, Windows v10.0 (Build 26100: Service Pack 0), path: C:\Users\VAIBHA~1\AppData\Local\Temp\{70E239BF-978E-4D3F-A085-9934AC14C3C9}\.cr\python_installer.exe
[B340:0C10][2026-06-26T15:34:05]i000: Initializing string variable 'ActionLikeInstalling' to value 'Installing'
[B340:0C10][2026-06-26T15:34:05]i000: Initializing string variable 'ActionLikeInstallation' to value 'Setup'
[B340:0C10][2026-06-26T15:34:05]i000: Initializing string variable 'ShortVersion' to value '3.11'
[B340:0C10][2026-06-26T15:34:05]i000: Initializing numeric variable 'ShortVersionNoDot' to value '311'
[B340:0C10][2026-06-26T15:34:05]i000: Initializing string variable 'WinVer' to value '3.11'
[B340:0C10][2026-06-26T15:34:05]i000: Initializing numeric variable 'WinVerNoDot' to value '311'
[B340:0C10][2026-06-26T15:34:05]i000: Initializing numeric variable 'InstallAllUsers' to value '0'
[B340:0C10][2026-06-26T15:34:05]i000: Initializing numeric variable 'InstallLauncherAllUsers' to value '-1'
[B340:0C10][2026-06-26T15:34:05]i000: Initializing string variable 'TargetDir' to value ''
[B340:0C10][2026-06-26T15:34:05]i000: Initializing string variable 'DefaultAllUsersTargetDir' to value '[ProgramFiles64Folder]Python[WinVerNoDot]'
[B340:0C10][2026-06-26T15:34:05]i000: Initializing string variable 'TargetPlatform' to value 'x64'
[B340:0C10][2026-06-26T15:34:05]i000: Initializing string variable 'DefaultJustForMeTargetDir' to value '[LocalAppDataFolder]Programs\Python\Python[WinVerNoDot]'
[B340:0C10][2026-06-26T15:34:05]i000: Initializing string variable 'OptionalFeaturesRegistryKey' to value 'Software\Python\PythonCore\[WinVer]\InstalledFeatures'
[B340:0C10][2026-06-26T15:34:05]i000: Initializing string variable 'TargetDirRegistryKey' to value 'Software\Python\PythonCore\[WinVer]\InstallPath'
[B340:0C10][2026-06-26T15:34:05]i000: Initializing string variable 'DefaultCustomTargetDir' to value ''
[B340:0C10][2026-06-26T15:34:05]i000: Initializing string variable 'InstallAllUsersState' to value 'enabled'
[B340:0C10][2026-06-26T15:34:05]i000: Initializing string variable 'InstallLauncherAllUsersState' to value 'enabled'
[B340:0C10][2026-06-26T15:34:05]i000: Initializing string variable 'CustomInstallLauncherAllUsersState' to value '[InstallLauncherAllUsersState]'
[B340:0C10][2026-06-26T15:34:05]i000: Initializing string variable 'TargetDirState' to value 'enabled'
[B340:0C10][2026-06-26T15:34:05]i000: Initializing string variable 'CustomBrowseButtonState' to value 'enabled'
[B340:0C10][2026-06-26T15:34:05]i000: Initializing numeric variable 'Include_core' to value '1'
[B340:0C10][2026-06-26T15:34:05]i000: Initializing numeric variable 'Include_exe' to value '1'
[B340:0C10][2026-06-26T15:34:05]i000: Initializing numeric variable 'Include_dev' to value '1'
[B340:0C10][2026-06-26T15:34:05]i000: Initializing numeric variable 'Include_lib' to value '1'
[B340:0C10][2026-06-26T15:34:05]i000: Initializing numeric variable 'Include_test' to value '1'
[B340:0C10][2026-06-26T15:34:05]i000: Initializing numeric variable 'Include_doc' to value '1'
[B340:0C10][2026-06-26T15:34:05]i000: Initializing numeric variable 'Include_tools' to value '1'
[B340:0C10][2026-06-26T15:34:05]i000: Initializing numeric variable 'Include_tcltk' to value '1'
[B340:0C10][2026-06-26T15:34:05]i000: Initializing numeric variable 'Include_pip' to value '1'
[B340:0C10][2026-06-26T15:34:05]i000: Initializing numeric variable 'Include_launcher' to value '-1'
[B340:0C10][2026-06-26T15:34:05]i000: Initializing string variable 'Include_launcherState' to value 'enabled'
[B340:0C10][2026-06-26T15:34:05]i000: Initializing numeric variable 'Include_symbols' to value '0'
[B340:0C10][2026-06-26T15:34:05]i000: Initializing numeric variable 'Include_debug' to value '0'
[B340:0C10][2026-06-26T15:34:05]i000: Initializing numeric variable 'LauncherOnly' to value '0'
[B340:0C10][2026-06-26T15:34:05]i000: Initializing numeric variable 'BlockedLauncher' to value '0'
[B340:0C10][2026-06-26T15:34:05]i000: Initializing numeric variable 'DetectedLauncher' to value '0'
[B340:0C10][2026-06-26T15:34:05]i000: Initializing numeric variable 'DetectedOldLauncher' to value '0'
[B340:0C10][2026-06-26T15:34:05]i000: Initializing numeric variable 'AssociateFiles' to value '-1'
[B340:0C10][2026-06-26T15:34:05]i000: Initializing numeric variable 'Shortcuts' to value '1'
[B340:0C10][2026-06-26T15:34:05]i000: Initializing numeric variable 'PrependPath' to value '0'
[B340:0C10][2026-06-26T15:34:05]i000: Initializing numeric variable 'AppendPath' to value '0'
[B340:0C10][2026-06-26T15:34:05]i000: Initializing numeric variable 'CompileAll' to value '0'
[B340:0C10][2026-06-26T15:34:05]i000: Initializing numeric variable 'SimpleInstall' to value '0'
[B340:0C10][2026-06-26T15:34:05]i000: Initializing string variable 'SimpleInstallDescription' to value ''
[B340:0C10][2026-06-26T15:34:05]i009: Command Line: '"-burn.clean.room=C:\Users\Vaibhav Singh\.cursor\restaurant-recommender\python_installer.exe" -burn.filehandle.attached=608 -burn.filehandle.self=756 /quiet InstallAllUsers=0 PrependPath=0 Include_launcher=0 InstallLauncherAllUsers=0 AssociateFiles=0 TargetDir=C:\Users\Vaibhav Singh\Python311 /log install_no_elevate.log'
[B340:0C10][2026-06-26T15:34:05]i000: Setting string variable 'WixBundleOriginalSource' to value 'C:\Users\Vaibhav Singh\.cursor\restaurant-recommender\python_installer.exe'
[B340:0C10][2026-06-26T15:34:05]i000: Setting string variable 'WixBundleOriginalSourceFolder' to value 'C:\Users\Vaibhav Singh\.cursor\restaurant-recommender\'
[B340:0C10][2026-06-26T15:34:05]i000: Setting string variable 'WixBundleLog' to value 'C:\Users\Vaibhav Singh\.cursor\restaurant-recommender\install_no_elevate.log'
[B340:0C10][2026-06-26T15:34:05]i000: Setting string variable 'WixBundleName' to value 'Python 3.11.9 (64-bit)'
[B340:0C10][2026-06-26T15:34:05]i000: Setting string variable 'WixBundleManufacturer' to value 'Python Software Foundation'
[B340:0C10][2026-06-26T15:34:05]i000: Setting numeric variable 'CRTInstalled' to value 1
[B340:895C][2026-06-26T15:34:05]i000: Did not find C:\Users\Vaibhav Singh\.cursor\restaurant-recommender\unattend.xml
[B340:895C][2026-06-26T15:34:05]i000: Setting numeric variable 'InstallAllUsers' to value 0
[B340:895C][2026-06-26T15:34:05]i000: Setting numeric variable 'PrependPath' to value 0
[B340:895C][2026-06-26T15:34:05]i000: Setting numeric variable 'Include_launcher' to value 0
[B340:895C][2026-06-26T15:34:05]i000: Setting numeric variable 'InstallLauncherAllUsers' to value 0
[B340:895C][2026-06-26T15:34:05]i000: Setting numeric variable 'AssociateFiles' to value 0
[B340:895C][2026-06-26T15:34:05]i000: Setting string variable 'TargetDir' to value 'C:\Users\Vaibhav'
[B340:895C][2026-06-26T15:34:05]i000: Ignoring unknown argument: Singh\Python311
[B340:895C][2026-06-26T15:34:05]i000: Setting string variable 'ActionLikeInstalling' to value 'Installing'
[B340:895C][2026-06-26T15:34:05]i000: Setting string variable 'ActionLikeInstallation' to value 'Setup'
[B340:895C][2026-06-26T15:34:06]i000: Setting version variable 'WixBundleFileVersion' to value '3.11.9150.0'
[B340:895C][2026-06-26T15:34:07]i000: Target OS is Windows 10 or later
[B340:0C10][2026-06-26T15:34:07]i100: Detect begin, 54 packages
[B340:0C10][2026-06-26T15:34:07]i101: Detected package: ucrt_AllUsers, state: Absent, cached: None
[B340:0C10][2026-06-26T15:34:07]i101: Detected package: ucrt_JustForMe, state: Absent, cached: None
[B340:0C10][2026-06-26T15:34:07]i101: Detected package: core_AllUsers, state: Absent, cached: None
[B340:0C10][2026-06-26T15:34:07]i101: Detected package: core_AllUsers_pdb, state: Absent, cached: None
[B340:0C10][2026-06-26T15:34:07]i101: Detected package: core_AllUsers_d, state: Absent, cached: None
[B340:0C10][2026-06-26T15:34:07]i101: Detected package: core_JustForMe, state: Absent, cached: None
[B340:0C10][2026-06-26T15:34:07]i101: Detected package: core_JustForMe_pdb, state: Absent, cached: None
[B340:0C10][2026-06-26T15:34:07]i101: Detected package: core_JustForMe_d, state: Absent, cached: None
[B340:0C10][2026-06-26T15:34:07]i101: Detected package: exe_AllUsers, state: Absent, cached: None
[B340:0C10][2026-06-26T15:34:07]i104: Detected package: exe_AllUsers, feature: DefaultFeature, state: Absent
[B340:0C10][2026-06-26T15:34:07]i104: Detected package: exe_AllUsers, feature: Shortcuts, state: Absent
[B340:0C10][2026-06-26T15:34:07]i101: Detected package: exe_AllUsers_pdb, state: Absent, cached: None
[B340:0C10][2026-06-26T15:34:07]i101: Detected package: exe_AllUsers_d, state: Absent, cached: None
[B340:0C10][2026-06-26T15:34:07]i101: Detected package: exe_JustForMe, state: Absent, cached: None
[B340:0C10][2026-06-26T15:34:07]i104: Detected package: exe_JustForMe, feature: DefaultFeature, state: Absent
[B340:0C10][2026-06-26T15:34:07]i104: Detected package: exe_JustForMe, feature: Shortcuts, state: Absent
[B340:0C10][2026-06-26T15:34:07]i101: Detected package: exe_JustForMe_pdb, state: Absent, cached: None
[B340:0C10][2026-06-26T15:34:07]i101: Detected package: exe_JustForMe_d, state: Absent, cached: None
[B340:0C10][2026-06-26T15:34:07]i101: Detected package: dev_AllUsers, state: Absent, cached: None
[B340:0C10][2026-06-26T15:34:07]i101: Detected package: dev_AllUsers_d, state: Absent, cached: None
[B340:0C10][2026-06-26T15:34:07]i101: Detected package: dev_JustForMe, state: Absent, cached: None
[B340:0C10][2026-06-26T15:34:07]i101: Detected package: dev_JustForMe_d, state: Absent, cached: None
[B340:0C10][2026-06-26T15:34:07]i101: Detected package: lib_AllUsers, state: Absent, cached: None
[B340:0C10][2026-06-26T15:34:07]i101: Detected package: lib_AllUsers_pdb, state: Absent, cached: None
[B340:0C10][2026-06-26T15:34:07]i101: Detected package: lib_AllUsers_d, state: Absent, cached: None
[B340:0C10][2026-06-26T15:34:07]i101: Detected package: lib_JustForMe, state: Absent, cached: None
[B340:0C10][2026-06-26T15:34:07]i101: Detected package: lib_JustForMe_pdb, state: Absent, cached: None
[B340:0C10][2026-06-26T15:34:07]i101: Detected package: lib_JustForMe_d, state: Absent, cached: None
[B340:0C10][2026-06-26T15:34:07]i101: Detected package: test_AllUsers, state: Absent, cached: None
[B340:0C10][2026-06-26T15:34:07]i101: Detected package: test_AllUsers_pdb, state: Absent, cached: None
[B340:0C10][2026-06-26T15:34:07]i101: Detected package: test_AllUsers_d, state: Absent, cached: None
[B340:0C10][2026-06-26T15:34:07]i101: Detected package: test_JustForMe, state: Absent, cached: None
[B340:0C10][2026-06-26T15:34:07]i101: Detected package: test_JustForMe_pdb, state: Absent, cached: None
[B340:0C10][2026-06-26T15:34:07]i101: Detected package: test_JustForMe_d, state: Absent, cached: None
[B340:0C10][2026-06-26T15:34:07]i101: Detected package: doc_AllUsers, state: Absent, cached: None
[B340:0C10][2026-06-26T15:34:07]i104: Detected package: doc_AllUsers, feature: DefaultFeature, state: Absent
[B340:0C10][2026-06-26T15:34:07]i104: Detected package: doc_AllUsers, feature: Shortcuts, state: Absent
[B340:0C10][2026-06-26T15:34:07]i101: Detected package: doc_JustForMe, state: Absent, cached: None
[B340:0C10][2026-06-26T15:34:07]i104: Detected package: doc_JustForMe, feature: DefaultFeature, state: Absent
[B340:0C10][2026-06-26T15:34:07]i104: Detected package: doc_JustForMe, feature: Shortcuts, state: Absent
[B340:0C10][2026-06-26T15:34:07]i101: Detected package: tools_AllUsers, state: Absent, cached: None
[B340:0C10][2026-06-26T15:34:07]i101: Detected package: tools_JustForMe, state: Absent, cached: None
[B340:0C10][2026-06-26T15:34:07]i101: Detected package: tcltk_AllUsers, state: Absent, cached: None
[B340:0C10][2026-06-26T15:34:07]i104: Detected package: tcltk_AllUsers, feature: DefaultFeature, state: Absent
[B340:0C10][2026-06-26T15:34:07]i104: Detected package: tcltk_AllUsers, feature: AssociateFiles, state: Absent
[B340:0C10][2026-06-26T15:34:07]i104: Detected package: tcltk_AllUsers, feature: Shortcuts, state: Absent
[B340:0C10][2026-06-26T15:34:07]i101: Detected package: tcltk_AllUsers_pdb, state: Absent, cached: None
[B340:0C10][2026-06-26T15:34:07]i104: Detected package: tcltk_AllUsers_pdb, feature: Symbols, state: Absent
[B340:0C10][2026-06-26T15:34:07]i101: Detected package: tcltk_AllUsers_d, state: Absent, cached: None
[B340:0C10][2026-06-26T15:34:07]i104: Detected package: tcltk_AllUsers_d, feature: DebugBinaries, state: Absent
[B340:0C10][2026-06-26T15:34:07]i101: Detected package: tcltk_JustForMe, state: Absent, cached: None
[B340:0C10][2026-06-26T15:34:07]i104: Detected package: tcltk_JustForMe, feature: DefaultFeature, state: Absent
[B340:0C10][2026-06-26T15:34:07]i104: Detected package: tcltk_JustForMe, feature: AssociateFiles, state: Absent
[B340:0C10][2026-06-26T15:34:07]i104: Detected package: tcltk_JustForMe, feature: Shortcuts, state: Absent
[B340:0C10][2026-06-26T15:34:07]i101: Detected package: tcltk_JustForMe_pdb, state: Absent, cached: None
[B340:0C10][2026-06-26T15:34:07]i104: Detected package: tcltk_JustForMe_pdb, feature: Symbols, state: Absent
[B340:0C10][2026-06-26T15:34:07]i101: Detected package: tcltk_JustForMe_d, state: Absent, cached: None
[B340:0C10][2026-06-26T15:34:07]i104: Detected package: tcltk_JustForMe_d, feature: DebugBinaries, state: Absent
[B340:0C10][2026-06-26T15:34:07]i101: Detected package: launcher_AllUsers, state: Absent, cached: None
[B340:0C10][2026-06-26T15:34:07]i104: Detected package: launcher_AllUsers, feature: DefaultFeature, state: Absent
[B340:0C10][2026-06-26T15:34:07]i104: Detected package: launcher_AllUsers, feature: AssociateFiles, state: Absent
[B340:0C10][2026-06-26T15:34:07]i101: Detected package: launcher_JustForMe, state: Absent, cached: None
[B340:0C10][2026-06-26T15:34:07]i104: Detected package: launcher_JustForMe, feature: DefaultFeature, state: Absent
[B340:0C10][2026-06-26T15:34:07]i104: Detected package: launcher_JustForMe, feature: AssociateFiles, state: Absent
[B340:0C10][2026-06-26T15:34:07]i101: Detected package: pip_AllUsers, state: Absent, cached: None
[B340:0C10][2026-06-26T15:34:07]i101: Detected package: pip_JustForMe, state: Absent, cached: None
[B340:0C10][2026-06-26T15:34:07]i101: Detected package: path_AllUsers, state: Absent, cached: None
[B340:0C10][2026-06-26T15:34:07]i101: Detected package: path_JustForMe, state: Absent, cached: None
[B340:0C10][2026-06-26T15:34:07]i101: Detected package: appendpath_AllUsers, state: Absent, cached: None
[B340:0C10][2026-06-26T15:34:07]i101: Detected package: appendpath_JustForMe, state: Absent, cached: None
[B340:0C10][2026-06-26T15:34:07]i101: Detected package: compileall_AllUsers, state: Absent, cached: None
[B340:0C10][2026-06-26T15:34:07]i101: Detected package: compileallO_AllUsers, state: Absent, cached: None
[B340:0C10][2026-06-26T15:34:07]i101: Detected package: compileallOO_AllUsers, state: Absent, cached: None
[B340:0C10][2026-06-26T15:34:07]i101: Detected package: compileall_JustForMe, state: Absent, cached: None
[B340:0C10][2026-06-26T15:34:07]i101: Detected package: compileallO_JustForMe, state: Absent, cached: None
[B340:0C10][2026-06-26T15:34:07]i101: Detected package: compileallOO_JustForMe, state: Absent, cached: None
[B340:895C][2026-06-26T15:34:07]i000: Setting string variable 'ActionLikeInstalling' to value 'Installing'
[B340:895C][2026-06-26T15:34:07]i000: Setting string variable 'ActionLikeInstallation' to value 'Setup'
[B340:0C10][2026-06-26T15:34:07]i199: Detect complete, result: 0x0
[B340:0C10][2026-06-26T15:34:07]i200: Plan begin, 54 packages, action: Install
[B340:0C10][2026-06-26T15:34:07]i052: Condition 'InstallAllUsers and not CRTInstalled and (Include_core or Include_exe or Include_pip) and not LauncherOnly' evaluates to false.
[B340:0C10][2026-06-26T15:34:07]i052: Condition 'InstallAllUsers and not CRTInstalled and (Include_core or Include_exe or Include_pip) and not LauncherOnly' evaluates to false.
[B340:0C10][2026-06-26T15:34:07]w322: Skipping cross-scope dependency registration on package: ucrt_AllUsers, bundle scope: PerUser, package scope: PerMachine
[B340:0C10][2026-06-26T15:34:07]i052: Condition 'not InstallAllUsers and not CRTInstalled and (Include_core or Include_exe or Include_pip) and not LauncherOnly' evaluates to false.
[B340:0C10][2026-06-26T15:34:07]i052: Condition 'not InstallAllUsers and not CRTInstalled and (Include_core or Include_exe or Include_pip) and not LauncherOnly' evaluates to false.
[B340:0C10][2026-06-26T15:34:07]i052: Condition 'InstallAllUsers and (Include_core or Include_exe or Include_launcher or Include_pip) and not LauncherOnly' evaluates to false.
[B340:0C10][2026-06-26T15:34:07]i052: Condition 'InstallAllUsers and (Include_core or Include_exe or Include_launcher or Include_pip) and not LauncherOnly' evaluates to false.
[B340:0C10][2026-06-26T15:34:07]w322: Skipping cross-scope dependency registration on package: core_AllUsers, bundle scope: PerUser, package scope: PerMachine
[B340:0C10][2026-06-26T15:34:07]i052: Condition 'InstallAllUsers and (Include_core or Include_exe or Include_launcher or Include_pip) and Include_symbols and not LauncherOnly' evaluates to false.
[B340:0C10][2026-06-26T15:34:07]i052: Condition 'InstallAllUsers and (Include_core or Include_exe or Include_launcher or Include_pip) and Include_symbols and not LauncherOnly' evaluates to false.
[B340:0C10][2026-06-26T15:34:07]w322: Skipping cross-scope dependency registration on package: core_AllUsers_pdb, bundle scope: PerUser, package scope: PerMachine
[B340:0C10][2026-06-26T15:34:07]i052: Condition 'InstallAllUsers and (Include_core or Include_exe or Include_launcher or Include_pip) and Include_debug and not LauncherOnly' evaluates to false.
[B340:0C10][2026-06-26T15:34:07]i052: Condition 'InstallAllUsers and (Include_core or Include_exe or Include_launcher or Include_pip) and Include_debug and not LauncherOnly' evaluates to false.
[B340:0C10][2026-06-26T15:34:07]w322: Skipping cross-scope dependency registration on package: core_AllUsers_d, bundle scope: PerUser, package scope: PerMachine
[B340:0C10][2026-06-26T15:34:07]i052: Condition 'not InstallAllUsers and (Include_core or Include_exe or Include_launcher or Include_pip) and not LauncherOnly' evaluates to true.
[B340:0C10][2026-06-26T15:34:07]i052: Condition 'not InstallAllUsers and (Include_core or Include_exe or Include_launcher or Include_pip) and not LauncherOnly' evaluates to true.
[B340:0C10][2026-06-26T15:34:07]i000: Setting string variable 'WixBundleRollbackLog_core_JustForMe' to value 'C:\Users\Vaibhav Singh\.cursor\restaurant-recommender\install_no_elevate_000_core_JustForMe_rollback.log'
[B340:0C10][2026-06-26T15:34:07]i000: Setting string variable 'WixBundleLog_core_JustForMe' to value 'C:\Users\Vaibhav Singh\.cursor\restaurant-recommender\install_no_elevate_000_core_JustForMe.log'
[B340:0C10][2026-06-26T15:34:07]i052: Condition 'not InstallAllUsers and (Include_core or Include_exe or Include_launcher or Include_pip) and Include_symbols and not LauncherOnly' evaluates to false.
[B340:0C10][2026-06-26T15:34:07]i052: Condition 'not InstallAllUsers and (Include_core or Include_exe or Include_launcher or Include_pip) and Include_symbols and not LauncherOnly' evaluates to false.
[B340:0C10][2026-06-26T15:34:07]i052: Condition 'not InstallAllUsers and (Include_core or Include_exe or Include_launcher or Include_pip) and Include_debug and not LauncherOnly' evaluates to false.
[B340:0C10][2026-06-26T15:34:07]i052: Condition 'not InstallAllUsers and (Include_core or Include_exe or Include_launcher or Include_pip) and Include_debug and not LauncherOnly' evaluates to false.
[B340:0C10][2026-06-26T15:34:07]i052: Condition 'InstallAllUsers and (Include_exe or Include_launcher or Include_pip) and not LauncherOnly' evaluates to false.
[B340:0C10][2026-06-26T15:34:07]i052: Condition 'InstallAllUsers and (Include_exe or Include_launcher or Include_pip) and not LauncherOnly' evaluates to false.
[B340:0C10][2026-06-26T15:34:07]i204: Plan 2 msi features for package: exe_AllUsers
[B340:0C10][2026-06-26T15:34:07]i203: Planned feature: DefaultFeature, state: Absent, default requested: Unknown, ba requested: Local, execute action: AddLocal, rollback action: Remove
[B340:0C10][2026-06-26T15:34:07]i203: Planned feature: Shortcuts, state: Absent, default requested: Unknown, ba requested: Local, execute action: AddLocal, rollback action: Remove
[B340:0C10][2026-06-26T15:34:07]w322: Skipping cross-scope dependency registration on package: exe_AllUsers, bundle scope: PerUser, package scope: PerMachine
[B340:0C10][2026-06-26T15:34:07]i052: Condition 'InstallAllUsers and (Include_exe or Include_launcher or Include_pip) and Include_symbols and not LauncherOnly' evaluates to false.
[B340:0C10][2026-06-26T15:34:07]i052: Condition 'InstallAllUsers and (Include_exe or Include_launcher or Include_pip) and Include_symbols and not LauncherOnly' evaluates to false.
[B340:0C10][2026-06-26T15:34:07]w322: Skipping cross-scope dependency registration on package: exe_AllUsers_pdb, bundle scope: PerUser, package scope: PerMachine
[B340:0C10][2026-06-26T15:34:07]i052: Condition 'InstallAllUsers and (Include_exe or Include_launcher or Include_pip) and Include_debug and not LauncherOnly' evaluates to false.
[B340:0C10][2026-06-26T15:34:07]i052: Condition 'InstallAllUsers and (Include_exe or Include_launcher or Include_pip) and Include_debug and not LauncherOnly' evaluates to false.
[B340:0C10][2026-06-26T15:34:07]w322: Skipping cross-scope dependency registration on package: exe_AllUsers_d, bundle scope: PerUser, package scope: PerMachine
[B340:0C10][2026-06-26T15:34:07]i052: Condition 'not InstallAllUsers and (Include_exe or Include_launcher or Include_pip) and not LauncherOnly' evaluates to true.
[B340:0C10][2026-06-26T15:34:07]i052: Condition 'not InstallAllUsers and (Include_exe or Include_launcher or Include_pip) and not LauncherOnly' evaluates to true.
[B340:0C10][2026-06-26T15:34:07]i204: Plan 2 msi features for package: exe_JustForMe
[B340:0C10][2026-06-26T15:34:07]i203: Planned feature: DefaultFeature, state: Absent, default requested: Unknown, ba requested: Local, execute action: AddLocal, rollback action: Remove
[B340:0C10][2026-06-26T15:34:07]i203: Planned feature: Shortcuts, state: Absent, default requested: Unknown, ba requested: Local, execute action: AddLocal, rollback action: Remove
[B340:0C10][2026-06-26T15:34:07]i000: Setting string variable 'WixBundleRollbackLog_exe_JustForMe' to value 'C:\Users\Vaibhav Singh\.cursor\restaurant-recommender\install_no_elevate_001_exe_JustForMe_rollback.log'
[B340:0C10][2026-06-26T15:34:07]i000: Setting string variable 'WixBundleLog_exe_JustForMe' to value 'C:\Users\Vaibhav Singh\.cursor\restaurant-recommender\install_no_elevate_001_exe_JustForMe.log'
[B340:0C10][2026-06-26T15:34:07]i052: Condition 'not InstallAllUsers and (Include_exe or Include_launcher or Include_pip) and Include_symbols and not LauncherOnly' evaluates to false.
[B340:0C10][2026-06-26T15:34:07]i052: Condition 'not InstallAllUsers and (Include_exe or Include_launcher or Include_pip) and Include_symbols and not LauncherOnly' evaluates to false.
[B340:0C10][2026-06-26T15:34:07]i052: Condition 'not InstallAllUsers and (Include_exe or Include_launcher or Include_pip) and Include_debug and not LauncherOnly' evaluates to false.
[B340:0C10][2026-06-26T15:34:07]i052: Condition 'not InstallAllUsers and (Include_exe or Include_launcher or Include_pip) and Include_debug and not LauncherOnly' evaluates to false.
[B340:0C10][2026-06-26T15:34:07]i052: Condition 'InstallAllUsers and Include_dev and not LauncherOnly' evaluates to false.
[B340:0C10][2026-06-26T15:34:07]i052: Condition 'InstallAllUsers and Include_dev and not LauncherOnly' evaluates to false.
[B340:0C10][2026-06-26T15:34:07]w322: Skipping cross-scope dependency registration on package: dev_AllUsers, bundle scope: PerUser, package scope: PerMachine
[B340:0C10][2026-06-26T15:34:07]i052: Condition 'InstallAllUsers and Include_dev and Include_debug and not LauncherOnly' evaluates to false.
[B340:0C10][2026-06-26T15:34:07]i052: Condition 'InstallAllUsers and Include_dev and Include_debug and not LauncherOnly' evaluates to false.
[B340:0C10][2026-06-26T15:34:07]w322: Skipping cross-scope dependency registration on package: dev_AllUsers_d, bundle scope: PerUser, package scope: PerMachine
[B340:0C10][2026-06-26T15:34:07]i052: Condition 'not InstallAllUsers and Include_dev and not LauncherOnly' evaluates to true.
[B340:0C10][2026-06-26T15:34:07]i052: Condition 'not InstallAllUsers and Include_dev and not LauncherOnly' evaluates to true.
[B340:0C10][2026-06-26T15:34:07]i000: Setting string variable 'WixBundleRollbackLog_dev_JustForMe' to value 'C:\Users\Vaibhav Singh\.cursor\restaurant-recommender\install_no_elevate_002_dev_JustForMe_rollback.log'
[B340:0C10][2026-06-26T15:34:07]i000: Setting string variable 'WixBundleLog_dev_JustForMe' to value 'C:\Users\Vaibhav Singh\.cursor\restaurant-recommender\install_no_elevate_002_dev_JustForMe.log'
[B340:0C10][2026-06-26T15:34:07]i052: Condition 'not InstallAllUsers and Include_dev and Include_debug and not LauncherOnly' evaluates to false.
[B340:0C10][2026-06-26T15:34:07]i052: Condition 'not InstallAllUsers and Include_dev and Include_debug and not LauncherOnly' evaluates to false.
[B340:0C10][2026-06-26T15:34:07]i052: Condition 'InstallAllUsers and Include_lib and not LauncherOnly' evaluates to false.
[B340:0C10][2026-06-26T15:34:07]i052: Condition 'InstallAllUsers and Include_lib and not LauncherOnly' evaluates to false.
[B340:0C10][2026-06-26T15:34:07]w322: Skipping cross-scope dependency registration on package: lib_AllUsers, bundle scope: PerUser, package scope: PerMachine
[B340:0C10][2026-06-26T15:34:07]i052: Condition 'InstallAllUsers and Include_lib and Include_symbols and not LauncherOnly' evaluates to false.
[B340:0C10][2026-06-26T15:34:07]i052: Condition 'InstallAllUsers and Include_lib and Include_symbols and not LauncherOnly' evaluates to false.
[B340:0C10][2026-06-26T15:34:07]w322: Skipping cross-scope dependency registration on package: lib_AllUsers_pdb, bundle scope: PerUser, package scope: PerMachine
[B340:0C10][2026-06-26T15:34:07]i052: Condition 'InstallAllUsers and Include_lib and Include_debug and not LauncherOnly' evaluates to false.
[B340:0C10][2026-06-26T15:34:07]i052: Condition 'InstallAllUsers and Include_lib and Include_debug and not LauncherOnly' evaluates to false.
[B340:0C10][2026-06-26T15:34:07]w322: Skipping cross-scope dependency registration on package: lib_AllUsers_d, bundle scope: PerUser, package scope: PerMachine
[B340:0C10][2026-06-26T15:34:07]i052: Condition 'not InstallAllUsers and Include_lib and not LauncherOnly' evaluates to true.
[B340:0C10][2026-06-26T15:34:07]i052: Condition 'not InstallAllUsers and Include_lib and not LauncherOnly' evaluates to true.
[B340:0C10][2026-06-26T15:34:07]i000: Setting string variable 'WixBundleRollbackLog_lib_JustForMe' to value 'C:\Users\Vaibhav Singh\.cursor\restaurant-recommender\install_no_elevate_003_lib_JustForMe_rollback.log'
[B340:0C10][2026-06-26T15:34:07]i000: Setting string variable 'WixBundleLog_lib_JustForMe' to value 'C:\Users\Vaibhav Singh\.cursor\restaurant-recommender\install_no_elevate_003_lib_JustForMe.log'
[B340:0C10][2026-06-26T15:34:07]i052: Condition 'not InstallAllUsers and Include_lib and Include_symbols and not LauncherOnly' evaluates to false.
[B340:0C10][2026-06-26T15:34:07]i052: Condition 'not InstallAllUsers and Include_lib and Include_symbols and not LauncherOnly' evaluates to false.
[B340:0C10][2026-06-26T15:34:07]i052: Condition 'not InstallAllUsers and Include_lib and Include_debug and not LauncherOnly' evaluates to false.
[B340:0C10][2026-06-26T15:34:07]i052: Condition 'not InstallAllUsers and Include_lib and Include_debug and not LauncherOnly' evaluates to false.
[B340:0C10][2026-06-26T15:34:07]i052: Condition 'InstallAllUsers and Include_test and not LauncherOnly' evaluates to false.
[B340:0C10][2026-06-26T15:34:07]i052: Condition 'InstallAllUsers and Include_test and not LauncherOnly' evaluates to false.
[B340:0C10][2026-06-26T15:34:07]w322: Skipping cross-scope dependency registration on package: test_AllUsers, bundle scope: PerUser, package scope: PerMachine
[B340:0C10][2026-06-26T15:34:07]i052: Condition 'InstallAllUsers and Include_test and Include_symbols and not LauncherOnly' evaluates to false.
[B340:0C10][2026-06-26T15:34:07]i052: Condition 'InstallAllUsers and Include_test and Include_symbols and not LauncherOnly' evaluates to false.
[B340:0C10][2026-06-26T15:34:07]w322: Skipping cross-scope dependency registration on package: test_AllUsers_pdb, bundle scope: PerUser, package scope: PerMachine
[B340:0C10][2026-06-26T15:34:07]i052: Condition 'InstallAllUsers and Include_test and Include_debug and not LauncherOnly' evaluates to false.
[B340:0C10][2026-06-26T15:34:07]i052: Condition 'InstallAllUsers and Include_test and Include_debug and not LauncherOnly' evaluates to false.
[B340:0C10][2026-06-26T15:34:07]w322: Skipping cross-scope dependency registration on package: test_AllUsers_d, bundle scope: PerUser, package scope: PerMachine
[B340:0C10][2026-06-26T15:34:07]i052: Condition 'not InstallAllUsers and Include_test and not LauncherOnly' evaluates to true.
[B340:0C10][2026-06-26T15:34:07]i052: Condition 'not InstallAllUsers and Include_test and not LauncherOnly' evaluates to true.
[B340:0C10][2026-06-26T15:34:07]i000: Setting string variable 'WixBundleRollbackLog_test_JustForMe' to value 'C:\Users\Vaibhav Singh\.cursor\restaurant-recommender\install_no_elevate_004_test_JustForMe_rollback.log'
[B340:0C10][2026-06-26T15:34:07]i000: Setting string variable 'WixBundleLog_test_JustForMe' to value 'C:\Users\Vaibhav Singh\.cursor\restaurant-recommender\install_no_elevate_004_test_JustForMe.log'
[B340:0C10][2026-06-26T15:34:07]i052: Condition 'not InstallAllUsers and Include_test and Include_symbols and not LauncherOnly' evaluates to false.
[B340:0C10][2026-06-26T15:34:07]i052: Condition 'not InstallAllUsers and Include_test and Include_symbols and not LauncherOnly' evaluates to false.
[B340:0C10][2026-06-26T15:34:07]i052: Condition 'not InstallAllUsers and Include_test and Include_debug and not LauncherOnly' evaluates to false.
[B340:0C10][2026-06-26T15:34:07]i052: Condition 'not InstallAllUsers and Include_test and Include_debug and not LauncherOnly' evaluates to false.
[B340:0C10][2026-06-26T15:34:07]i052: Condition 'InstallAllUsers and Include_doc and not LauncherOnly' evaluates to false.
[B340:0C10][2026-06-26T15:34:07]i052: Condition 'InstallAllUsers and Include_doc and not LauncherOnly' evaluates to false.
[B340:0C10][2026-06-26T15:34:07]i204: Plan 2 msi features for package: doc_AllUsers
[B340:0C10][2026-06-26T15:34:07]i203: Planned feature: DefaultFeature, state: Absent, default requested: Unknown, ba requested: Local, execute action: AddLocal, rollback action: Remove
[B340:0C10][2026-06-26T15:34:07]i203: Planned feature: Shortcuts, state: Absent, default requested: Unknown, ba requested: Local, execute action: AddLocal, rollback action: Remove
[B340:0C10][2026-06-26T15:34:07]w322: Skipping cross-scope dependency registration on package: doc_AllUsers, bundle scope: PerUser, package scope: PerMachine
[B340:0C10][2026-06-26T15:34:07]i052: Condition 'not InstallAllUsers and Include_doc and not LauncherOnly' evaluates to true.
[B340:0C10][2026-06-26T15:34:07]i052: Condition 'not InstallAllUsers and Include_doc and not LauncherOnly' evaluates to true.
[B340:0C10][2026-06-26T15:34:07]i204: Plan 2 msi features for package: doc_JustForMe
[B340:0C10][2026-06-26T15:34:07]i203: Planned feature: DefaultFeature, state: Absent, default requested: Unknown, ba requested: Local, execute action: AddLocal, rollback action: Remove
[B340:0C10][2026-06-26T15:34:07]i203: Planned feature: Shortcuts, state: Absent, default requested: Unknown, ba requested: Local, execute action: AddLocal, rollback action: Remove
[B340:0C10][2026-06-26T15:34:07]i000: Setting string variable 'WixBundleRollbackLog_doc_JustForMe' to value 'C:\Users\Vaibhav Singh\.cursor\restaurant-recommender\install_no_elevate_005_doc_JustForMe_rollback.log'
[B340:0C10][2026-06-26T15:34:07]i000: Setting string variable 'WixBundleLog_doc_JustForMe' to value 'C:\Users\Vaibhav Singh\.cursor\restaurant-recommender\install_no_elevate_005_doc_JustForMe.log'
[B340:0C10][2026-06-26T15:34:07]i052: Condition 'InstallAllUsers and Include_tools and not LauncherOnly' evaluates to false.
[B340:0C10][2026-06-26T15:34:07]i052: Condition 'InstallAllUsers and Include_tools and not LauncherOnly' evaluates to false.
[B340:0C10][2026-06-26T15:34:07]w322: Skipping cross-scope dependency registration on package: tools_AllUsers, bundle scope: PerUser, package scope: PerMachine
[B340:0C10][2026-06-26T15:34:07]i052: Condition 'not InstallAllUsers and Include_tools and not LauncherOnly' evaluates to true.
[B340:0C10][2026-06-26T15:34:07]i052: Condition 'not InstallAllUsers and Include_tools and not LauncherOnly' evaluates to true.
[B340:0C10][2026-06-26T15:34:07]i000: Setting string variable 'WixBundleRollbackLog_tools_JustForMe' to value 'C:\Users\Vaibhav Singh\.cursor\restaurant-recommender\install_no_elevate_006_tools_JustForMe_rollback.log'
[B340:0C10][2026-06-26T15:34:07]i000: Setting string variable 'WixBundleLog_tools_JustForMe' to value 'C:\Users\Vaibhav Singh\.cursor\restaurant-recommender\install_no_elevate_006_tools_JustForMe.log'
[B340:0C10][2026-06-26T15:34:07]i052: Condition 'InstallAllUsers and Include_tcltk and not LauncherOnly' evaluates to false.
[B340:0C10][2026-06-26T15:34:07]i052: Condition 'InstallAllUsers and Include_tcltk and not LauncherOnly' evaluates to false.
[B340:0C10][2026-06-26T15:34:07]i204: Plan 3 msi features for package: tcltk_AllUsers
[B340:0C10][2026-06-26T15:34:07]i203: Planned feature: DefaultFeature, state: Absent, default requested: Unknown, ba requested: Local, execute action: AddLocal, rollback action: Remove
[B340:0C10][2026-06-26T15:34:07]i203: Planned feature: AssociateFiles, state: Absent, default requested: Unknown, ba requested: Absent, execute action: None, rollback action: None
[B340:0C10][2026-06-26T15:34:07]i203: Planned feature: Shortcuts, state: Absent, default requested: Unknown, ba requested: Local, execute action: AddLocal, rollback action: Remove
[B340:0C10][2026-06-26T15:34:07]w322: Skipping cross-scope dependency registration on package: tcltk_AllUsers, bundle scope: PerUser, package scope: PerMachine
[B340:0C10][2026-06-26T15:34:07]i052: Condition 'InstallAllUsers and Include_tcltk and Include_symbols and not LauncherOnly' evaluates to false.
[B340:0C10][2026-06-26T15:34:07]i052: Condition 'InstallAllUsers and Include_tcltk and Include_symbols and not LauncherOnly' evaluates to false.
[B340:0C10][2026-06-26T15:34:07]i204: Plan 1 msi features for package: tcltk_AllUsers_pdb
[B340:0C10][2026-06-26T15:34:07]i203: Planned feature: Symbols, state: Absent, default requested: Unknown, ba requested: Local, execute action: AddLocal, rollback action: Remove
[B340:0C10][2026-06-26T15:34:07]w322: Skipping cross-scope dependency registration on package: tcltk_AllUsers_pdb, bundle scope: PerUser, package scope: PerMachine
[B340:0C10][2026-06-26T15:34:07]i052: Condition 'InstallAllUsers and Include_tcltk and Include_debug and not LauncherOnly' evaluates to false.
[B340:0C10][2026-06-26T15:34:07]i052: Condition 'InstallAllUsers and Include_tcltk and Include_debug and not LauncherOnly' evaluates to false.
[B340:0C10][2026-06-26T15:34:07]i204: Plan 1 msi features for package: tcltk_AllUsers_d
[B340:0C10][2026-06-26T15:34:07]i203: Planned feature: DebugBinaries, state: Absent, default requested: Unknown, ba requested: Local, execute action: AddLocal, rollback action: Remove
[B340:0C10][2026-06-26T15:34:07]w322: Skipping cross-scope dependency registration on package: tcltk_AllUsers_d, bundle scope: PerUser, package scope: PerMachine
[B340:0C10][2026-06-26T15:34:07]i052: Condition 'not InstallAllUsers and Include_tcltk and not LauncherOnly' evaluates to true.
[B340:0C10][2026-06-26T15:34:07]i052: Condition 'not InstallAllUsers and Include_tcltk and not LauncherOnly' evaluates to true.
[B340:0C10][2026-06-26T15:34:07]i204: Plan 3 msi features for package: tcltk_JustForMe
[B340:0C10][2026-06-26T15:34:07]i203: Planned feature: DefaultFeature, state: Absent, default requested: Unknown, ba requested: Local, execute action: AddLocal, rollback action: Remove
[B340:0C10][2026-06-26T15:34:07]i203: Planned feature: AssociateFiles, state: Absent, default requested: Unknown, ba requested: Absent, execute action: None, rollback action: None
[B340:0C10][2026-06-26T15:34:07]i203: Planned feature: Shortcuts, state: Absent, default requested: Unknown, ba requested: Local, execute action: AddLocal, rollback action: Remove
[B340:0C10][2026-06-26T15:34:07]i000: Setting string variable 'WixBundleRollbackLog_tcltk_JustForMe' to value 'C:\Users\Vaibhav Singh\.cursor\restaurant-recommender\install_no_elevate_007_tcltk_JustForMe_rollback.log'
[B340:0C10][2026-06-26T15:34:07]i000: Setting string variable 'WixBundleLog_tcltk_JustForMe' to value 'C:\Users\Vaibhav Singh\.cursor\restaurant-recommender\install_no_elevate_007_tcltk_JustForMe.log'
[B340:0C10][2026-06-26T15:34:07]i052: Condition 'not InstallAllUsers and Include_tcltk and Include_symbols and not LauncherOnly' evaluates to false.
[B340:0C10][2026-06-26T15:34:07]i052: Condition 'not InstallAllUsers and Include_tcltk and Include_symbols and not LauncherOnly' evaluates to false.
[B340:0C10][2026-06-26T15:34:07]i204: Plan 1 msi features for package: tcltk_JustForMe_pdb
[B340:0C10][2026-06-26T15:34:07]i203: Planned feature: Symbols, state: Absent, default requested: Unknown, ba requested: Local, execute action: AddLocal, rollback action: Remove
[B340:0C10][2026-06-26T15:34:07]i052: Condition 'not InstallAllUsers and Include_tcltk and Include_debug and not LauncherOnly' evaluates to false.
[B340:0C10][2026-06-26T15:34:07]i052: Condition 'not InstallAllUsers and Include_tcltk and Include_debug and not LauncherOnly' evaluates to false.
[B340:0C10][2026-06-26T15:34:07]i204: Plan 1 msi features for package: tcltk_JustForMe_d
[B340:0C10][2026-06-26T15:34:07]i203: Planned feature: DebugBinaries, state: Absent, default requested: Unknown, ba requested: Local, execute action: AddLocal, rollback action: Remove
[B340:0C10][2026-06-26T15:34:07]i052: Condition '(InstallAllUsers or InstallLauncherAllUsers) and Include_launcher and not DetectedLauncher' evaluates to false.
[B340:0C10][2026-06-26T15:34:07]i052: Condition '(InstallAllUsers or InstallLauncherAllUsers) and Include_launcher and not DetectedLauncher' evaluates to false.
[B340:0C10][2026-06-26T15:34:07]i204: Plan 2 msi features for package: launcher_AllUsers
[B340:0C10][2026-06-26T15:34:07]i203: Planned feature: DefaultFeature, state: Absent, default requested: Unknown, ba requested: Local, execute action: AddLocal, rollback action: Remove
[B340:0C10][2026-06-26T15:34:07]i203: Planned feature: AssociateFiles, state: Absent, default requested: Unknown, ba requested: Absent, execute action: None, rollback action: None
[B340:0C10][2026-06-26T15:34:07]w322: Skipping cross-scope dependency registration on package: launcher_AllUsers, bundle scope: PerUser, package scope: PerMachine
[B340:0C10][2026-06-26T15:34:07]i052: Condition 'not (InstallAllUsers or InstallLauncherAllUsers) and Include_launcher and not DetectedLauncher' evaluates to false.
[B340:0C10][2026-06-26T15:34:07]i052: Condition 'not (InstallAllUsers or InstallLauncherAllUsers) and Include_launcher and not DetectedLauncher' evaluates to false.
[B340:0C10][2026-06-26T15:34:07]i204: Plan 2 msi features for package: launcher_JustForMe
[B340:0C10][2026-06-26T15:34:07]i203: Planned feature: DefaultFeature, state: Absent, default requested: Unknown, ba requested: Local, execute action: AddLocal, rollback action: Remove
[B340:0C10][2026-06-26T15:34:07]i203: Planned feature: AssociateFiles, state: Absent, default requested: Unknown, ba requested: Absent, execute action: None, rollback action: None
[B340:0C10][2026-06-26T15:34:07]i052: Condition 'InstallAllUsers and Include_pip and not LauncherOnly' evaluates to false.
[B340:0C10][2026-06-26T15:34:07]i052: Condition 'InstallAllUsers and Include_pip and not LauncherOnly' evaluates to false.
[B340:0C10][2026-06-26T15:34:07]w322: Skipping cross-scope dependency registration on package: pip_AllUsers, bundle scope: PerUser, package scope: PerMachine
[B340:0C10][2026-06-26T15:34:07]i052: Condition 'not InstallAllUsers and Include_pip and not LauncherOnly' evaluates to true.
[B340:0C10][2026-06-26T15:34:07]i052: Condition 'not InstallAllUsers and Include_pip and not LauncherOnly' evaluates to true.
[B340:0C10][2026-06-26T15:34:07]i000: Setting string variable 'WixBundleRollbackLog_pip_JustForMe' to value 'C:\Users\Vaibhav Singh\.cursor\restaurant-recommender\install_no_elevate_008_pip_JustForMe_rollback.log'
[B340:0C10][2026-06-26T15:34:07]i000: Setting string variable 'WixBundleLog_pip_JustForMe' to value 'C:\Users\Vaibhav Singh\.cursor\restaurant-recommender\install_no_elevate_008_pip_JustForMe.log'
[B340:0C10][2026-06-26T15:34:07]i052: Condition 'InstallAllUsers and PrependPath and not LauncherOnly' evaluates to false.
[B340:0C10][2026-06-26T15:34:07]i052: Condition 'InstallAllUsers and PrependPath and not LauncherOnly' evaluates to false.
[B340:0C10][2026-06-26T15:34:07]w322: Skipping cross-scope dependency registration on package: path_AllUsers, bundle scope: PerUser, package scope: PerMachine
[B340:0C10][2026-06-26T15:34:07]i052: Condition 'not InstallAllUsers and PrependPath and not LauncherOnly' evaluates to false.
[B340:0C10][2026-06-26T15:34:07]i052: Condition 'not InstallAllUsers and PrependPath and not LauncherOnly' evaluates to false.
[B340:0C10][2026-06-26T15:34:07]i052: Condition 'InstallAllUsers and AppendPath and not LauncherOnly' evaluates to false.
[B340:0C10][2026-06-26T15:34:07]i052: Condition 'InstallAllUsers and AppendPath and not LauncherOnly' evaluates to false.
[B340:0C10][2026-06-26T15:34:07]w322: Skipping cross-scope dependency registration on package: appendpath_AllUsers, bundle scope: PerUser, package scope: PerMachine
[B340:0C10][2026-06-26T15:34:07]i052: Condition 'not InstallAllUsers and AppendPath and not LauncherOnly' evaluates to false.
[B340:0C10][2026-06-26T15:34:07]i052: Condition 'not InstallAllUsers and AppendPath and not LauncherOnly' evaluates to false.
[B340:0C10][2026-06-26T15:34:07]i052: Condition 'InstallAllUsers and CompileAll and not LauncherOnly' evaluates to false.
[B340:0C10][2026-06-26T15:34:07]i052: Condition 'InstallAllUsers and CompileAll and not LauncherOnly' evaluates to false.
[B340:0C10][2026-06-26T15:34:07]w321: Skipping dependency registration on package with no dependency providers: compileall_AllUsers
[B340:0C10][2026-06-26T15:34:07]i052: Condition 'InstallAllUsers and CompileAll and not LauncherOnly' evaluates to false.
[B340:0C10][2026-06-26T15:34:07]i052: Condition 'InstallAllUsers and CompileAll and not LauncherOnly' evaluates to false.
[B340:0C10][2026-06-26T15:34:07]w321: Skipping dependency registration on package with no dependency providers: compileallO_AllUsers
[B340:0C10][2026-06-26T15:34:07]i052: Condition 'InstallAllUsers and CompileAll and not LauncherOnly' evaluates to false.
[B340:0C10][2026-06-26T15:34:07]i052: Condition 'InstallAllUsers and CompileAll and not LauncherOnly' evaluates to false.
[B340:0C10][2026-06-26T15:34:07]w321: Skipping dependency registration on package with no dependency providers: compileallOO_AllUsers
[B340:0C10][2026-06-26T15:34:07]i052: Condition 'not InstallAllUsers and CompileAll and not LauncherOnly' evaluates to false.
[B340:0C10][2026-06-26T15:34:07]i052: Condition 'not InstallAllUsers and CompileAll and not LauncherOnly' evaluates to false.
[B340:0C10][2026-06-26T15:34:07]w321: Skipping dependency registration on package with no dependency providers: compileall_JustForMe
[B340:0C10][2026-06-26T15:34:07]i052: Condition 'not InstallAllUsers and CompileAll and not LauncherOnly' evaluates to false.
[B340:0C10][2026-06-26T15:34:07]i052: Condition 'not InstallAllUsers and CompileAll and not LauncherOnly' evaluates to false.
[B340:0C10][2026-06-26T15:34:07]w321: Skipping dependency registration on package with no dependency providers: compileallO_JustForMe
[B340:0C10][2026-06-26T15:34:07]i052: Condition 'not InstallAllUsers and CompileAll and not LauncherOnly' evaluates to false.
[B340:0C10][2026-06-26T15:34:07]i052: Condition 'not InstallAllUsers and CompileAll and not LauncherOnly' evaluates to false.
[B340:0C10][2026-06-26T15:34:07]w321: Skipping dependency registration on package with no dependency providers: compileallOO_JustForMe
[B340:0C10][2026-06-26T15:34:07]i201: Planned package: ucrt_AllUsers, state: Absent, default requested: Absent, ba requested: Absent, execute: None, rollback: None, cache: No, uncache: No, dependency: None
[B340:0C10][2026-06-26T15:34:07]i201: Planned package: ucrt_JustForMe, state: Absent, default requested: Absent, ba requested: Absent, execute: None, rollback: None, cache: No, uncache: No, dependency: None
[B340:0C10][2026-06-26T15:34:07]i201: Planned package: core_AllUsers, state: Absent, default requested: Absent, ba requested: Absent, execute: None, rollback: None, cache: No, uncache: No, dependency: None
[B340:0C10][2026-06-26T15:34:07]i201: Planned package: core_AllUsers_pdb, state: Absent, default requested: Absent, ba requested: Absent, execute: None, rollback: None, cache: No, uncache: No, dependency: None
[B340:0C10][2026-06-26T15:34:07]i201: Planned package: core_AllUsers_d, state: Absent, default requested: Absent, ba requested: Absent, execute: None, rollback: None, cache: No, uncache: No, dependency: None
[B340:0C10][2026-06-26T15:34:07]i201: Planned package: core_JustForMe, state: Absent, default requested: Present, ba requested: Present, execute: Install, rollback: Uninstall, cache: Yes, uncache: No, dependency: Register
[B340:0C10][2026-06-26T15:34:07]i201: Planned package: core_JustForMe_pdb, state: Absent, default requested: Absent, ba requested: Absent, execute: None, rollback: None, cache: No, uncache: No, dependency: None
[B340:0C10][2026-06-26T15:34:07]i201: Planned package: core_JustForMe_d, state: Absent, default requested: Absent, ba requested: Absent, execute: None, rollback: None, cache: No, uncache: No, dependency: None
[B340:0C10][2026-06-26T15:34:07]i201: Planned package: exe_AllUsers, state: Absent, default requested: Absent, ba requested: Absent, execute: None, rollback: None, cache: No, uncache: No, dependency: None
[B340:0C10][2026-06-26T15:34:07]i201: Planned package: exe_AllUsers_pdb, state: Absent, default requested: Absent, ba requested: Absent, execute: None, rollback: None, cache: No, uncache: No, dependency: None
[B340:0C10][2026-06-26T15:34:07]i201: Planned package: exe_AllUsers_d, state: Absent, default requested: Absent, ba requested: Absent, execute: None, rollback: None, cache: No, uncache: No, dependency: None
[B340:0C10][2026-06-26T15:34:07]i201: Planned package: exe_JustForMe, state: Absent, default requested: Present, ba requested: Present, execute: Install, rollback: Uninstall, cache: Yes, uncache: No, dependency: Register
[B340:0C10][2026-06-26T15:34:07]i201: Planned package: exe_JustForMe_pdb, state: Absent, default requested: Absent, ba requested: Absent, execute: None, rollback: None, cache: No, uncache: No, dependency: None
[B340:0C10][2026-06-26T15:34:07]i201: Planned package: exe_JustForMe_d, state: Absent, default requested: Absent, ba requested: Absent, execute: None, rollback: None, cache: No, uncache: No, dependency: None
[B340:0C10][2026-06-26T15:34:07]i201: Planned package: dev_AllUsers, state: Absent, default requested: Absent, ba requested: Absent, execute: None, rollback: None, cache: No, uncache: No, dependency: None
[B340:0C10][2026-06-26T15:34:07]i201: Planned package: dev_AllUsers_d, state: Absent, default requested: Absent, ba requested: Absent, execute: None, rollback: None, cache: No, uncache: No, dependency: None
[B340:0C10][2026-06-26T15:34:07]i201: Planned package: dev_JustForMe, state: Absent, default requested: Present, ba requested: Present, execute: Install, rollback: Uninstall, cache: Yes, uncache: No, dependency: Register
[B340:0C10][2026-06-26T15:34:07]i201: Planned package: dev_JustForMe_d, state: Absent, default requested: Absent, ba requested: Absent, execute: None, rollback: None, cache: No, uncache: No, dependency: None
[B340:0C10][2026-06-26T15:34:07]i201: Planned package: lib_AllUsers, state: Absent, default requested: Absent, ba requested: Absent, execute: None, rollback: None, cache: No, uncache: No, dependency: None
[B340:0C10][2026-06-26T15:34:07]i201: Planned package: lib_AllUsers_pdb, state: Absent, default requested: Absent, ba requested: Absent, execute: None, rollback: None, cache: No, uncache: No, dependency: None
[B340:0C10][2026-06-26T15:34:07]i201: Planned package: lib_AllUsers_d, state: Absent, default requested: Absent, ba requested: Absent, execute: None, rollback: None, cache: No, uncache: No, dependency: None
[B340:0C10][2026-06-26T15:34:07]i201: Planned package: lib_JustForMe, state: Absent, default requested: Present, ba requested: Present, execute: Install, rollback: Uninstall, cache: Yes, uncache: No, dependency: Register
[B340:0C10][2026-06-26T15:34:07]i201: Planned package: lib_JustForMe_pdb, state: Absent, default requested: Absent, ba requested: Absent, execute: None, rollback: None, cache: No, uncache: No, dependency: None
[B340:0C10][2026-06-26T15:34:07]i201: Planned package: lib_JustForMe_d, state: Absent, default requested: Absent, ba requested: Absent, execute: None, rollback: None, cache: No, uncache: No, dependency: None
[B340:0C10][2026-06-26T15:34:07]i201: Planned package: test_AllUsers, state: Absent, default requested: Absent, ba requested: Absent, execute: None, rollback: None, cache: No, uncache: No, dependency: None
[B340:0C10][2026-06-26T15:34:07]i201: Planned package: test_AllUsers_pdb, state: Absent, default requested: Absent, ba requested: Absent, execute: None, rollback: None, cache: No, uncache: No, dependency: None
[B340:0C10][2026-06-26T15:34:07]i201: Planned package: test_AllUsers_d, state: Absent, default requested: Absent, ba requested: Absent, execute: None, rollback: None, cache: No, uncache: No, dependency: None
[B340:0C10][2026-06-26T15:34:07]i201: Planned package: test_JustForMe, state: Absent, default requested: Present, ba requested: Present, execute: Install, rollback: Uninstall, cache: Yes, uncache: No, dependency: Register
[B340:0C10][2026-06-26T15:34:07]i201: Planned package: test_JustForMe_pdb, state: Absent, default requested: Absent, ba requested: Absent, execute: None, rollback: None, cache: No, uncache: No, dependency: None
[B340:0C10][2026-06-26T15:34:07]i201: Planned package: test_JustForMe_d, state: Absent, default requested: Absent, ba requested: Absent, execute: None, rollback: None, cache: No, uncache: No, dependency: None
[B340:0C10][2026-06-26T15:34:07]i201: Planned package: doc_AllUsers, state: Absent, default requested: Absent, ba requested: Absent, execute: None, rollback: None, cache: No, uncache: No, dependency: None
[B340:0C10][2026-06-26T15:34:07]i201: Planned package: doc_JustForMe, state: Absent, default requested: Present, ba requested: Present, execute: Install, rollback: Uninstall, cache: Yes, uncache: No, dependency: Register
[B340:0C10][2026-06-26T15:34:07]i201: Planned package: tools_AllUsers, state: Absent, default requested: Absent, ba requested: Absent, execute: None, rollback: None, cache: No, uncache: No, dependency: None
[B340:0C10][2026-06-26T15:34:07]i201: Planned package: tools_JustForMe, state: Absent, default requested: Present, ba requested: Present, execute: Install, rollback: Uninstall, cache: Yes, uncache: No, dependency: Register
[B340:0C10][2026-06-26T15:34:07]i201: Planned package: tcltk_AllUsers, state: Absent, default requested: Absent, ba requested: Absent, execute: None, rollback: None, cache: No, uncache: No, dependency: None
[B340:0C10][2026-06-26T15:34:07]i201: Planned package: tcltk_AllUsers_pdb, state: Absent, default requested: Absent, ba requested: Absent, execute: None, rollback: None, cache: No, uncache: No, dependency: None
[B340:0C10][2026-06-26T15:34:07]i201: Planned package: tcltk_AllUsers_d, state: Absent, default requested: Absent, ba requested: Absent, execute: None, rollback: None, cache: No, uncache: No, dependency: None
[B340:0C10][2026-06-26T15:34:07]i201: Planned package: tcltk_JustForMe, state: Absent, default requested: Present, ba requested: Present, execute: Install, rollback: Uninstall, cache: Yes, uncache: No, dependency: Register
[B340:0C10][2026-06-26T15:34:07]i201: Planned package: tcltk_JustForMe_pdb, state: Absent, default requested: Absent, ba requested: Absent, execute: None, rollback: None, cache: No, uncache: No, dependency: None
[B340:0C10][2026-06-26T15:34:07]i201: Planned package: tcltk_JustForMe_d, state: Absent, default requested: Absent, ba requested: Absent, execute: None, rollback: None, cache: No, uncache: No, dependency: None
[B340:0C10][2026-06-26T15:34:07]i201: Planned package: launcher_AllUsers, state: Absent, default requested: Absent, ba requested: Absent, execute: None, rollback: None, cache: No, uncache: No, dependency: None
[B340:0C10][2026-06-26T15:34:07]i201: Planned package: launcher_JustForMe, state: Absent, default requested: Absent, ba requested: Absent, execute: None, rollback: None, cache: No, uncache: No, dependency: None
[B340:0C10][2026-06-26T15:34:07]i201: Planned package: pip_AllUsers, state: Absent, default requested: Absent, ba requested: Absent, execute: None, rollback: None, cache: No, uncache: No, dependency: None
[B340:0C10][2026-06-26T15:34:07]i201: Planned package: pip_JustForMe, state: Absent, default requested: Present, ba requested: Present, execute: Install, rollback: Uninstall, cache: Yes, uncache: No, dependency: Register
[B340:0C10][2026-06-26T15:34:07]i201: Planned package: path_AllUsers, state: Absent, default requested: Absent, ba requested: Absent, execute: None, rollback: None, cache: No, uncache: No, dependency: None
[B340:0C10][2026-06-26T15:34:07]i201: Planned package: path_JustForMe, state: Absent, default requested: Absent, ba requested: Absent, execute: None, rollback: None, cache: No, uncache: No, dependency: None
[B340:0C10][2026-06-26T15:34:07]i201: Planned package: appendpath_AllUsers, state: Absent, default requested: Absent, ba requested: Absent, execute: None, rollback: None, cache: No, uncache: No, dependency: None
[B340:0C10][2026-06-26T15:34:07]i201: Planned package: appendpath_JustForMe, state: Absent, default requested: Absent, ba requested: Absent, execute: None, rollback: None, cache: No, uncache: No, dependency: None
[B340:0C10][2026-06-26T15:34:07]i201: Planned package: compileall_AllUsers, state: Absent, default requested: Absent, ba requested: Absent, execute: None, rollback: None, cache: No, uncache: No, dependency: None
[B340:0C10][2026-06-26T15:34:07]i201: Planned package: compileallO_AllUsers, state: Absent, default requested: Absent, ba requested: Absent, execute: None, rollback: None, cache: No, uncache: No, dependency: None
[B340:0C10][2026-06-26T15:34:07]i201: Planned package: compileallOO_AllUsers, state: Absent, default requested: Absent, ba requested: Absent, execute: None, rollback: None, cache: No, uncache: No, dependency: None
[B340:0C10][2026-06-26T15:34:07]i201: Planned package: compileall_JustForMe, state: Absent, default requested: Absent, ba requested: Absent, execute: None, rollback: None, cache: No, uncache: No, dependency: None
[B340:0C10][2026-06-26T15:34:07]i201: Planned package: compileallO_JustForMe, state: Absent, default requested: Absent, ba requested: Absent, execute: None, rollback: None, cache: No, uncache: No, dependency: None
[B340:0C10][2026-06-26T15:34:07]i201: Planned package: compileallOO_JustForMe, state: Absent, default requested: Absent, ba requested: Absent, execute: None, rollback: None, cache: No, uncache: No, dependency: None
[B340:0C10][2026-06-26T15:34:07]i299: Plan complete, result: 0x0
[B340:0C10][2026-06-26T15:34:07]i300: Apply begin
[B340:0C10][2026-06-26T15:34:07]i370: Session begin, registration key: SOFTWARE\Microsoft\Windows\CurrentVersion\Uninstall\{1da2e09b-199c-4def-9a99-93a8c1b8ddf2}, options: 0x7, disable resume: No
[B340:0C10][2026-06-26T15:34:07]i000: Caching bundle from: 'C:\Users\VAIBHA~1\AppData\Local\Temp\{81DBF564-BA9D-4D59-9F47-3202B9AFE257}\.be\python-3.11.9-amd64.exe' to: 'C:\Users\Vaibhav Singh\AppData\Local\Package Cache\{1da2e09b-199c-4def-9a99-93a8c1b8ddf2}\python-3.11.9-amd64.exe'
[B340:0C10][2026-06-26T15:34:07]i320: Registering bundle dependency provider: CPython-3.11, version: 3.11.9150.0
[B340:0C10][2026-06-26T15:34:07]i371: Updating session, registration key: SOFTWARE\Microsoft\Windows\CurrentVersion\Uninstall\{1da2e09b-199c-4def-9a99-93a8c1b8ddf2}, resume: Active, restart initiated: No, disable resume: No
[B340:6E3C][2026-06-26T15:34:11]i305: Verified acquired payload: core_JustForMe at path: C:\Users\Vaibhav Singh\AppData\Local\Package Cache\.unverified\core_JustForMe, moving to: C:\Users\Vaibhav Singh\AppData\Local\Package Cache\{B074012B-9B85-4049-BA01-A58A8C4C2236}v3.11.9150.0\core.msi.
[B340:0C10][2026-06-26T15:34:11]i323: Registering package dependency provider: {B074012B-9B85-4049-BA01-A58A8C4C2236}, version: 3.11.9150.0, package: core_JustForMe
[B340:0C10][2026-06-26T15:34:11]i301: Applying execute package: core_JustForMe, action: Install, path: C:\Users\Vaibhav Singh\AppData\Local\Package Cache\{B074012B-9B85-4049-BA01-A58A8C4C2236}v3.11.9150.0\core.msi, arguments: ' ARPSYSTEMCOMPONENT="1" MSIFASTINSTALL="7" TARGETDIR="C:\Users\Vaibhav" OPTIONALFEATURESREGISTRYKEY="Software\Python\PythonCore\3.11\InstalledFeatures"'
[B340:6E3C][2026-06-26T15:34:11]i305: Verified acquired payload: exe_JustForMe at path: C:\Users\Vaibhav Singh\AppData\Local\Package Cache\.unverified\exe_JustForMe, moving to: C:\Users\Vaibhav Singh\AppData\Local\Package Cache\{C038789C-DCB5-42D3-8C51-3BC9DDB26B90}v3.11.9150.0\exe.msi.
[B340:6E3C][2026-06-26T15:34:11]i305: Verified acquired payload: dev_JustForMe at path: C:\Users\Vaibhav Singh\AppData\Local\Package Cache\.unverified\dev_JustForMe, moving to: C:\Users\Vaibhav Singh\AppData\Local\Package Cache\{CEE03ABD-D5F9-4104-BFA5-520711B8D71F}v3.11.9150.0\dev.msi.
[B340:6E3C][2026-06-26T15:34:11]i305: Verified acquired payload: lib_JustForMe at path: C:\Users\Vaibhav Singh\AppData\Local\Package Cache\.unverified\lib_JustForMe, moving to: C:\Users\Vaibhav Singh\AppData\Local\Package Cache\{9AFDC691-40E5-4B15-835F-9A524AC4672C}v3.11.9150.0\lib.msi.
[B340:6E3C][2026-06-26T15:34:11]i305: Verified acquired payload: test_JustForMe at path: C:\Users\Vaibhav Singh\AppData\Local\Package Cache\.unverified\test_JustForMe, moving to: C:\Users\Vaibhav Singh\AppData\Local\Package Cache\{A9F91BE3-1B3B-4CB4-A169-19E13DD70BEA}v3.11.9150.0\test.msi.
[B340:6E3C][2026-06-26T15:34:11]i305: Verified acquired payload: doc_JustForMe at path: C:\Users\Vaibhav Singh\AppData\Local\Package Cache\.unverified\doc_JustForMe, moving to: C:\Users\Vaibhav Singh\AppData\Local\Package Cache\{425B36E9-4EA6-47B4-88C3-E798BA903188}v3.11.9150.0\doc.msi.
[B340:6E3C][2026-06-26T15:34:12]i305: Verified acquired payload: tools_JustForMe at path: C:\Users\Vaibhav Singh\AppData\Local\Package Cache\.unverified\tools_JustForMe, moving to: C:\Users\Vaibhav Singh\AppData\Local\Package Cache\{29CEC70F-9D96-472B-B6A1-AE7578376985}v3.11.9150.0\tools.msi.
[B340:6E3C][2026-06-26T15:34:12]i305: Verified acquired payload: tcltk_JustForMe at path: C:\Users\Vaibhav Singh\AppData\Local\Package Cache\.unverified\tcltk_JustForMe, moving to: C:\Users\Vaibhav Singh\AppData\Local\Package Cache\{57AC2A86-EC99-4E9C-9FF9-15DAA88D1FAE}v3.11.9150.0\tcltk.msi.
[B340:6E3C][2026-06-26T15:34:12]i305: Verified acquired payload: pip_JustForMe at path: C:\Users\Vaibhav Singh\AppData\Local\Package Cache\.unverified\pip_JustForMe, moving to: C:\Users\Vaibhav Singh\AppData\Local\Package Cache\{1D653E80-09B2-40AB-9530-7DF12E632F8A}v3.11.9150.0\pip.msi.
[B340:0C10][2026-06-26T15:34:15]e000: Error 0x80070643: Failed to install MSI package.
[B340:0C10][2026-06-26T15:34:15]e000: Error 0x80070643: Failed to configure per-user MSI package.
[B340:0C10][2026-06-26T15:34:15]w348: Application requested retry of package: core_JustForMe, encountered error: 0x80070643. Retrying...
[B340:0C10][2026-06-26T15:34:18]i301: Applying execute package: core_JustForMe, action: Install, path: C:\Users\Vaibhav Singh\AppData\Local\Package Cache\{B074012B-9B85-4049-BA01-A58A8C4C2236}v3.11.9150.0\core.msi, arguments: ' ARPSYSTEMCOMPONENT="1" MSIFASTINSTALL="7" TARGETDIR="C:\Users\Vaibhav" OPTIONALFEATURESREGISTRYKEY="Software\Python\PythonCore\3.11\InstalledFeatures"'
[B340:0C10][2026-06-26T15:34:19]e000: Error 0x80070643: Failed to install MSI package.
[B340:0C10][2026-06-26T15:34:19]e000: Error 0x80070643: Failed to configure per-user MSI package.
[B340:0C10][2026-06-26T15:34:19]w348: Application requested retry of package: core_JustForMe, encountered error: 0x80070643. Retrying...
[B340:0C10][2026-06-26T15:34:22]i301: Applying execute package: core_JustForMe, action: Install, path: C:\Users\Vaibhav Singh\AppData\Local\Package Cache\{B074012B-9B85-4049-BA01-A58A8C4C2236}v3.11.9150.0\core.msi, arguments: ' ARPSYSTEMCOMPONENT="1" MSIFASTINSTALL="7" TARGETDIR="C:\Users\Vaibhav" OPTIONALFEATURESREGISTRYKEY="Software\Python\PythonCore\3.11\InstalledFeatures"'
[B340:0C10][2026-06-26T15:34:24]e000: Error 0x80070643: Failed to install MSI package.
[B340:0C10][2026-06-26T15:34:24]e000: Error 0x80070643: Failed to configure per-user MSI package.
[B340:0C10][2026-06-26T15:34:24]w348: Application requested retry of package: core_JustForMe, encountered error: 0x80070643. Retrying...
[B340:0C10][2026-06-26T15:34:27]i301: Applying execute package: core_JustForMe, action: Install, path: C:\Users\Vaibhav Singh\AppData\Local\Package Cache\{B074012B-9B85-4049-BA01-A58A8C4C2236}v3.11.9150.0\core.msi, arguments: ' ARPSYSTEMCOMPONENT="1" MSIFASTINSTALL="7" TARGETDIR="C:\Users\Vaibhav" OPTIONALFEATURESREGISTRYKEY="Software\Python\PythonCore\3.11\InstalledFeatures"'
[B340:0C10][2026-06-26T15:34:28]e000: Error 0x80070643: Failed to install MSI package.
[B340:0C10][2026-06-26T15:34:28]e000: Error 0x80070643: Failed to configure per-user MSI package.
[B340:0C10][2026-06-26T15:34:28]i319: Applied execute package: core_JustForMe, result: 0x80070643, restart: None
[B340:0C10][2026-06-26T15:34:28]e000: Error 0x80070643: Failed to execute MSI package.
[B340:0C10][2026-06-26T15:34:28]i318: Skipped rollback of package: core_JustForMe, action: Uninstall, already: Absent
[B340:0C10][2026-06-26T15:34:28]i319: Applied rollback package: core_JustForMe, result: 0x0, restart: None
[B340:0C10][2026-06-26T15:34:28]i329: Removed package dependency provider: {B074012B-9B85-4049-BA01-A58A8C4C2236}, package: core_JustForMe
[B340:0C10][2026-06-26T15:34:28]i351: Removing cached package: core_JustForMe, from path: C:\Users\Vaibhav Singh\AppData\Local\Package Cache\{B074012B-9B85-4049-BA01-A58A8C4C2236}v3.11.9150.0\
[B340:0C10][2026-06-26T15:34:28]i329: Removed package dependency provider: {00E12EF4-CB78-4FDB-9B42-55572572293D}, package: ucrt_JustForMe
[B340:0C10][2026-06-26T15:34:28]i372: Session end, registration key: SOFTWARE\Microsoft\Windows\CurrentVersion\Uninstall\{1da2e09b-199c-4def-9a99-93a8c1b8ddf2}, resume: None, restart: None, disable resume: No
[B340:0C10][2026-06-26T15:34:28]i330: Removed bundle dependency provider: CPython-3.11
[B340:0C10][2026-06-26T15:34:28]i352: Removing cached bundle: {1da2e09b-199c-4def-9a99-93a8c1b8ddf2}, from path: C:\Users\Vaibhav Singh\AppData\Local\Package Cache\{1da2e09b-199c-4def-9a99-93a8c1b8ddf2}\
[B340:0C10][2026-06-26T15:34:28]i371: Updating session, registration key: SOFTWARE\Microsoft\Windows\CurrentVersion\Uninstall\{1da2e09b-199c-4def-9a99-93a8c1b8ddf2}, resume: None, restart initiated: No, disable resume: No
[B340:0C10][2026-06-26T15:34:28]i399: Apply complete, result: 0x80070643, restart: None, ba requested restart:  No
[B340:0C10][2026-06-26T15:34:28]i500: Shutting down, exit code: 0x643
[B340:0C10][2026-06-26T15:34:28]i410: Variable: ActionLikeInstallation = Setup
[B340:0C10][2026-06-26T15:34:28]i410: Variable: ActionLikeInstalling = Installing
[B340:0C10][2026-06-26T15:34:28]i410: Variable: AppendPath = 0
[B340:0C10][2026-06-26T15:34:28]i410: Variable: AssociateFiles = 0
[B340:0C10][2026-06-26T15:34:28]i410: Variable: BlockedLauncher = 0
[B340:0C10][2026-06-26T15:34:28]i410: Variable: CompileAll = 0
[B340:0C10][2026-06-26T15:34:28]i410: Variable: CRTInstalled = 1
[B340:0C10][2026-06-26T15:34:28]i410: Variable: CustomBrowseButtonState = enabled
[B340:0C10][2026-06-26T15:34:28]i410: Variable: CustomInstallLauncherAllUsersState = enabled
[B340:0C10][2026-06-26T15:34:28]i410: Variable: DefaultAllUsersTargetDir = C:\Program Files\Python311
[B340:0C10][2026-06-26T15:34:28]i410: Variable: DefaultCustomTargetDir = 
[B340:0C10][2026-06-26T15:34:28]i410: Variable: DefaultJustForMeTargetDir = C:\Users\Vaibhav Singh\AppData\Local\Programs\Python\Python311
[B340:0C10][2026-06-26T15:34:28]i410: Variable: DetectedLauncher = 0
[B340:0C10][2026-06-26T15:34:28]i410: Variable: DetectedOldLauncher = 0
[B340:0C10][2026-06-26T15:34:28]i410: Variable: Include_core = 1
[B340:0C10][2026-06-26T15:34:28]i410: Variable: Include_debug = 0
[B340:0C10][2026-06-26T15:34:28]i410: Variable: Include_dev = 1
[B340:0C10][2026-06-26T15:34:28]i410: Variable: Include_doc = 1
[B340:0C10][2026-06-26T15:34:28]i410: Variable: Include_exe = 1
[B340:0C10][2026-06-26T15:34:28]i410: Variable: Include_launcher = 0
[B340:0C10][2026-06-26T15:34:28]i410: Variable: Include_launcherState = enabled
[B340:0C10][2026-06-26T15:34:28]i410: Variable: Include_lib = 1
[B340:0C10][2026-06-26T15:34:28]i410: Variable: Include_pip = 1
[B340:0C10][2026-06-26T15:34:28]i410: Variable: Include_symbols = 0
[B340:0C10][2026-06-26T15:34:28]i410: Variable: Include_tcltk = 1
[B340:0C10][2026-06-26T15:34:28]i410: Variable: Include_test = 1
[B340:0C10][2026-06-26T15:34:28]i410: Variable: Include_tools = 1
[B340:0C10][2026-06-26T15:34:28]i410: Variable: InstallAllUsers = 0
[B340:0C10][2026-06-26T15:34:28]i410: Variable: InstallAllUsersState = enabled
[B340:0C10][2026-06-26T15:34:28]i410: Variable: InstallLauncherAllUsers = 0
[B340:0C10][2026-06-26T15:34:28]i410: Variable: InstallLauncherAllUsersState = enabled
[B340:0C10][2026-06-26T15:34:28]i410: Variable: LauncherOnly = 0
[B340:0C10][2026-06-26T15:34:28]i410: Variable: LocalAppDataFolder = C:\Users\Vaibhav Singh\AppData\Local\
[B340:0C10][2026-06-26T15:34:28]i410: Variable: OptionalFeaturesRegistryKey = Software\Python\PythonCore\3.11\InstalledFeatures
[B340:0C10][2026-06-26T15:34:28]i410: Variable: PrependPath = 0
[B340:0C10][2026-06-26T15:34:28]i410: Variable: ProgramFiles64Folder = C:\Program Files\
[B340:0C10][2026-06-26T15:34:28]i410: Variable: Shortcuts = 1
[B340:0C10][2026-06-26T15:34:28]i410: Variable: ShortVersion = 3.11
[B340:0C10][2026-06-26T15:34:28]i410: Variable: ShortVersionNoDot = 311
[B340:0C10][2026-06-26T15:34:28]i410: Variable: SimpleInstall = 0
[B340:0C10][2026-06-26T15:34:28]i410: Variable: SimpleInstallDescription = 
[B340:0C10][2026-06-26T15:34:28]i410: Variable: TargetDir = C:\Users\Vaibhav
[B340:0C10][2026-06-26T15:34:28]i410: Variable: TargetDirRegistryKey = Software\Python\PythonCore\3.11\InstallPath
[B340:0C10][2026-06-26T15:34:28]i410: Variable: TargetDirState = enabled
[B340:0C10][2026-06-26T15:34:28]i410: Variable: TargetPlatform = x64
[B340:0C10][2026-06-26T15:34:28]i410: Variable: WinVer = 3.11
[B340:0C10][2026-06-26T15:34:28]i410: Variable: WinVerNoDot = 311
[B340:0C10][2026-06-26T15:34:28]i410: Variable: WixBundleAction = 5
[B340:0C10][2026-06-26T15:34:28]i410: Variable: WixBundleElevated = 0
[B340:0C10][2026-06-26T15:34:28]i410: Variable: WixBundleFileVersion = 3.11.9150.0
[B340:0C10][2026-06-26T15:34:28]i410: Variable: WixBundleInstalled = 0
[B340:0C10][2026-06-26T15:34:28]i410: Variable: WixBundleLog = C:\Users\Vaibhav Singh\.cursor\restaurant-recommender\install_no_elevate.log
[B340:0C10][2026-06-26T15:34:28]i410: Variable: WixBundleLog_core_JustForMe = C:\Users\Vaibhav Singh\.cursor\restaurant-recommender\install_no_elevate_000_core_JustForMe.log
[B340:0C10][2026-06-26T15:34:28]i410: Variable: WixBundleLog_dev_JustForMe = C:\Users\Vaibhav Singh\.cursor\restaurant-recommender\install_no_elevate_002_dev_JustForMe.log
[B340:0C10][2026-06-26T15:34:28]i410: Variable: WixBundleLog_doc_JustForMe = C:\Users\Vaibhav Singh\.cursor\restaurant-recommender\install_no_elevate_005_doc_JustForMe.log
[B340:0C10][2026-06-26T15:34:28]i410: Variable: WixBundleLog_exe_JustForMe = C:\Users\Vaibhav Singh\.cursor\restaurant-recommender\install_no_elevate_001_exe_JustForMe.log
[B340:0C10][2026-06-26T15:34:28]i410: Variable: WixBundleLog_lib_JustForMe = C:\Users\Vaibhav Singh\.cursor\restaurant-recommender\install_no_elevate_003_lib_JustForMe.log
[B340:0C10][2026-06-26T15:34:28]i410: Variable: WixBundleLog_pip_JustForMe = C:\Users\Vaibhav Singh\.cursor\restaurant-recommender\install_no_elevate_008_pip_JustForMe.log
[B340:0C10][2026-06-26T15:34:28]i410: Variable: WixBundleLog_tcltk_JustForMe = C:\Users\Vaibhav Singh\.cursor\restaurant-recommender\install_no_elevate_007_tcltk_JustForMe.log
[B340:0C10][2026-06-26T15:34:28]i410: Variable: WixBundleLog_test_JustForMe = C:\Users\Vaibhav Singh\.cursor\restaurant-recommender\install_no_elevate_004_test_JustForMe.log
[B340:0C10][2026-06-26T15:34:28]i410: Variable: WixBundleLog_tools_JustForMe = C:\Users\Vaibhav Singh\.cursor\restaurant-recommender\install_no_elevate_006_tools_JustForMe.log
[B340:0C10][2026-06-26T15:34:28]i410: Variable: WixBundleManufacturer = Python Software Foundation
[B340:0C10][2026-06-26T15:34:28]i410: Variable: WixBundleName = Python 3.11.9 (64-bit)
[B340:0C10][2026-06-26T15:34:28]i410: Variable: WixBundleOriginalSource = C:\Users\Vaibhav Singh\.cursor\restaurant-recommender\python_installer.exe
[B340:0C10][2026-06-26T15:34:28]i410: Variable: WixBundleOriginalSourceFolder = C:\Users\Vaibhav Singh\.cursor\restaurant-recommender\
[B340:0C10][2026-06-26T15:34:28]i410: Variable: WixBundleProviderKey = CPython-3.11
[B340:0C10][2026-06-26T15:34:28]i410: Variable: WixBundleRollbackLog_core_JustForMe = C:\Users\Vaibhav Singh\.cursor\restaurant-recommender\install_no_elevate_000_core_JustForMe_rollback.log
[B340:0C10][2026-06-26T15:34:28]i410: Variable: WixBundleRollbackLog_dev_JustForMe = C:\Users\Vaibhav Singh\.cursor\restaurant-recommender\install_no_elevate_002_dev_JustForMe_rollback.log
[B340:0C10][2026-06-26T15:34:28]i410: Variable: WixBundleRollbackLog_doc_JustForMe = C:\Users\Vaibhav Singh\.cursor\restaurant-recommender\install_no_elevate_005_doc_JustForMe_rollback.log
[B340:0C10][2026-06-26T15:34:28]i410: Variable: WixBundleRollbackLog_exe_JustForMe = C:\Users\Vaibhav Singh\.cursor\restaurant-recommender\install_no_elevate_001_exe_JustForMe_rollback.log
[B340:0C10][2026-06-26T15:34:28]i410: Variable: WixBundleRollbackLog_lib_JustForMe = C:\Users\Vaibhav Singh\.cursor\restaurant-recommender\install_no_elevate_003_lib_JustForMe_rollback.log
[B340:0C10][2026-06-26T15:34:28]i410: Variable: WixBundleRollbackLog_pip_JustForMe = C:\Users\Vaibhav Singh\.cursor\restaurant-recommender\install_no_elevate_008_pip_JustForMe_rollback.log
[B340:0C10][2026-06-26T15:34:28]i410: Variable: WixBundleRollbackLog_tcltk_JustForMe = C:\Users\Vaibhav Singh\.cursor\restaurant-recommender\install_no_elevate_007_tcltk_JustForMe_rollback.log
[B340:0C10][2026-06-26T15:34:28]i410: Variable: WixBundleRollbackLog_test_JustForMe = C:\Users\Vaibhav Singh\.cursor\restaurant-recommender\install_no_elevate_004_test_JustForMe_rollback.log
[B340:0C10][2026-06-26T15:34:28]i410: Variable: WixBundleRollbackLog_tools_JustForMe = C:\Users\Vaibhav Singh\.cursor\restaurant-recommender\install_no_elevate_006_tools_JustForMe_rollback.log
[B340:0C10][2026-06-26T15:34:28]i410: Variable: WixBundleSourceProcessFolder = C:\Users\Vaibhav Singh\.cursor\restaurant-recommender\
[B340:0C10][2026-06-26T15:34:28]i410: Variable: WixBundleSourceProcessPath = C:\Users\Vaibhav Singh\.cursor\restaurant-recommender\python_installer.exe
[B340:0C10][2026-06-26T15:34:28]i410: Variable: WixBundleTag = 
[B340:0C10][2026-06-26T15:34:28]i410: Variable: WixBundleUILevel = 2
[B340:0C10][2026-06-26T15:34:28]i410: Variable: WixBundleVersion = 3.11.9150.0
[B340:0C10][2026-06-26T15:34:28]i007: Exit code: 0x643, restarting: No
